{"Key":"ping~indispenso-seed:8011","Value":"1399120205461043098","Timestamp":1399120205468663475,"Replicated":true}
{"Key":"ping~Robins-MacBook-Pro.local:8013","Value":"1399120205469264198","Timestamp":1399120205469275252,"Replicated":false}
{"Key":"ping~indispenso-seed:8011","Value":"1399120206150089045","Timestamp":1399120206156979209,"Replicated":true}
{"Key":"ping~Robins-MacBook-Pro.local:8011","Value":"1399120206158237665","Timestamp":1399120206158764595,"Replicated":true}
{"Key":"ping~Robins-MacBook-Pro.local:8013","Value":"1399120206159684050","Timestamp":1399120206159686379,"Replicated":false}
{"Key":"ping~indispenso-seed:8011","Value":"1399120215463658970","Timestamp":1399120215470504094,"Replicated":true}
{"Key":"ping~Robins-MacBook-Pro.local:8013","Value":"1399120215471435233","Timestamp":1399120215471436442,"Replicated":false}
{"Key":"ping~Robins-MacBook-Pro.local:8011","Value":"1399120215472814577","Timestamp":1399120215473436933,"Replicated":true}
{"Key":"ping~indispenso-seed:8011","Value":"1399120216149814971","Timestamp":1399120216156537859,"Replicated":true}
{"Key":"ping~Robins-MacBook-Pro.local:8011","Value":"1399120216157665960","Timestamp":1399120216158189955,"Replicated":true}
{"Key":"ping~Robins-MacBook-Pro.local:8013","Value":"1399120216159044656","Timestamp":1399120216159046598,"Replicated":false}
{"Key":"my_key","Value":"test","Timestamp":1399120222877488281,"Replicated":true}
{"Key":"ping~indispenso-seed:8011","Value":"1399120225462956049","Timestamp":1399120225463644997,"Replicated":true}
{"Key":"ping~Robins-MacBook-Pro.local:8013","Value":"1399120225464543504","Timestamp":1399120225464544819,"Replicated":false}
{"Key":"ping~Robins-MacBook-Pro.local:8011","Value":"1399120225466587110","Timestamp":1399120225467076747,"Replicated":true}
{"Key":"ping~indispenso-seed:8011","Value":"1399120226149745391","Timestamp":1399120226150321964,"Replicated":true}
{"Key":"ping~Robins-MacBook-Pro.local:8011","Value":"1399120226151156571","Timestamp":1399120226151541919,"Replicated":true}
{"Key":"ping~Robins-MacBook-Pro.local:8013","Value":"1399120226152222078","Timestamp":1399120226152222890,"Replicated":false}
{"Key":"my_key","Value":"test","Timestamp":1399120228492497971,"Replicated":true}
{"Key":"my_key","Value":"test","Timestamp":1399120234465110723,"Replicated":true}
{"Key":"ping~indispenso-seed:8011","Value":"1399120235462815617","Timestamp":1399120235463531021,"Replicated":true}
{"Key":"ping~Robins-MacBook-Pro.local:8013","Value":"1399120235464346084","Timestamp":1399120235464347342,"Replicated":false}
{"Key":"ping~Robins-MacBook-Pro.local:8011","Value":"1399120235465903298","Timestamp":1399120235466464409,"Replicated":true}
{"Key":"my_key","Value":"test","Timestamp":1399120236134751621,"Replicated":true}
{"Key":"ping~indispenso-seed:8011","Value":"1399120236150134665","Timestamp":1399120236151024730,"Replicated":true}
{"Key":"ping~Robins-MacBook-Pro.local:8011","Value":"1399120236153276431","Timestamp":1399120236154402915,"Replicated":true}
{"Key":"ping~Robins-MacBook-Pro.local:8013","Value":"1399120236156149777","Timestamp":1399120236156151163,"Replicated":false}
{"Key":"my_key","Value":"test","Timestamp":1399120238467943589,"Replicated":true}
{"Key":"my_key","Value":"test","Timestamp":1399120239359173958,"Replicated":true}
{"Key":"my_key","Value":"test","Timestamp":1399120240302672590,"Replicated":true}
{"Key":"my_key","Value":"test","Timestamp":1399120241360002523,"Replicated":true}
{"Key":"ping~indispenso-seed:8011","Value":"1399120245463358131","Timestamp":1399120245464093714,"Replicated":true}
{"Key":"ping~Robins-MacBook-Pro.local:8013","Value":"1399120245464914692","Timestamp":1399120245464915888,"Replicated":false}
{"Key":"ping~Robins-MacBook-Pro.local:8011","Value":"1399120245466255231","Timestamp":1399120245466708550,"Replicated":true}
{"Key":"ping~indispenso-seed:8011","Value":"1399120246149961332","Timestamp":1399120246150652104,"Replicated":true}
{"Key":"ping~Robins-MacBook-Pro.local:8011","Value":"1399120246151630037","Timestamp":1399120246152225972,"Replicated":true}
{"Key":"ping~Robins-MacBook-Pro.local:8013","Value":"1399120246153074767","Timestamp":1399120246153076010,"Replicated":false}
{"Key":"ping~indispenso-seed:8011","Value":"1399120255463453801","Timestamp":1399120255470924153,"Replicated":true}
{"Key":"ping~Robins-MacBook-Pro.local:8013","Value":"1399120255472037118","Timestamp":1399120255472039151,"Replicated":false}
{"Key":"ping~Robins-MacBook-Pro.local:8011","Value":"1399120255473274309","Timestamp":1399120255473786153,"Replicated":true}
{"Key":"ping~indispenso-seed:8011","Value":"1399120256150208365","Timestamp":1399120256157043952,"Replicated":true}
{"Key":"ping~Robins-MacBook-Pro.local:8011","Value":"1399120256158413372","Timestamp":1399120256158943693,"Replicated":true}
{"Key":"ping~Robins-MacBook-Pro.local:8013","Value":"1399120256159839384","Timestamp":1399120256159840569,"Replicated":false}
{"Key":"ping~indispenso-seed:8011","Value":"1399120265462654711","Timestamp":1399120265463458786,"Replicated":true}
{"Key":"ping~Robins-MacBook-Pro.local:8013","Value":"1399120265464354277","Timestamp":1399120265464355419,"Replicated":false}
{"Key":"ping~Robins-MacBook-Pro.local:8011","Value":"1399120265465827660","Timestamp":1399120265466301121,"Replicated":true}
{"Key":"ping~indispenso-seed:8011","Value":"1399120266150128933","Timestamp":1399120266157143748,"Replicated":true}
{"Key":"ping~Robins-MacBook-Pro.local:8011","Value":"1399120266158248174","Timestamp":1399120266158713355,"Replicated":true}
{"Key":"ping~Robins-MacBook-Pro.local:8013","Value":"1399120266159406621","Timestamp":1399120266159407419,"Replicated":false}
{"Key":"ping~Robins-MacBook-Pro.local:8013","Value":"1399120275470837398","Timestamp":1399120275470838981,"Replicated":false}
{"Key":"ping~indispenso-seed:8011","Value":"1399120275462892423","Timestamp":1399120275470627123,"Replicated":true}
{"Key":"ping~Robins-MacBook-Pro.local:8011","Value":"1399120275472492140","Timestamp":1399120275473057794,"Replicated":true}
{"Key":"ping~indispenso-seed:8011","Value":"1399120276149843595","Timestamp":1399120276156591955,"Replicated":true}
{"Key":"ping~Robins-MacBook-Pro.local:8011","Value":"1399120276157518206","Timestamp":1399120276157996376,"Replicated":true}
{"Key":"ping~Robins-MacBook-Pro.local:8013","Value":"1399120276158619937","Timestamp":1399120276158620730,"Replicated":false}
{"Key":"ping~indispenso-seed:8011","Value":"1399120285463595133","Timestamp":1399120285464245862,"Replicated":true}
{"Key":"ping~Robins-MacBook-Pro.local:8013","Value":"1399120285465099020","Timestamp":1399120285465100368,"Replicated":false}
{"Key":"ping~Robins-MacBook-Pro.local:8011","Value":"1399120285466633938","Timestamp":1399120285467224731,"Replicated":true}
{"Key":"ping~indispenso-seed:8011","Value":"1399120286150213178","Timestamp":1399120286157159554,"Replicated":true}
{"Key":"ping~Robins-MacBook-Pro.local:8011","Value":"1399120286158520458","Timestamp":1399120286159053139,"Replicated":true}
{"Key":"ping~Robins-MacBook-Pro.local:8013","Value":"1399120286159829867","Timestamp":1399120286159831069,"Replicated":false}
{"Key":"ping~indispenso-seed:8011","Value":"1399120295462993865","Timestamp":1399120295469783317,"Replicated":true}
{"Key":"ping~Robins-MacBook-Pro.local:8013","Value":"1399120295471036643","Timestamp":1399120295471038031,"Replicated":false}
{"Key":"ping~Robins-MacBook-Pro.local:8011","Value":"1399120295472439292","Timestamp":1399120295473094394,"Replicated":true}
{"Key":"ping~indispenso-seed:8011","Value":"1399120296150176614","Timestamp":1399120296157184640,"Replicated":true}
{"Key":"ping~Robins-MacBook-Pro.local:8011","Value":"1399120296158677774","Timestamp":1399120296159260851,"Replicated":true}
{"Key":"ping~Robins-MacBook-Pro.local:8013","Value":"1399120296160072126","Timestamp":1399120296160073105,"Replicated":false}
{"Key":"ping~indispenso-seed:8011","Value":"1399120305463489329","Timestamp":1399120305464192423,"Replicated":true}
{"Key":"ping~Robins-MacBook-Pro.local:8013","Value":"1399120305464991097","Timestamp":1399120305464992192,"Replicated":false}
{"Key":"ping~Robins-MacBook-Pro.local:8011","Value":"1399120305466466080","Timestamp":1399120305467006599,"Replicated":true}
{"Key":"ping~indispenso-seed:8011","Value":"1399120306150280817","Timestamp":1399120306150779947,"Replicated":true}
{"Key":"ping~Robins-MacBook-Pro.local:8011","Value":"1399120306151505055","Timestamp":1399120306151882158,"Replicated":true}
{"Key":"ping~Robins-MacBook-Pro.local:8013","Value":"1399120306152437861","Timestamp":1399120306152438753,"Replicated":false}
{"Key":"ping~indispenso-seed:8011","Value":"1399120315463337487","Timestamp":1399120315464410246,"Replicated":true}
{"Key":"ping~Robins-MacBook-Pro.local:8013","Value":"1399120315465036889","Timestamp":1399120315465037801,"Replicated":false}
{"Key":"ping~Robins-MacBook-Pro.local:8011","Value":"1399120315466147168","Timestamp":1399120315466601557,"Replicated":true}
{"Key":"ping~indispenso-seed:8011","Value":"1399120316149093091","Timestamp":1399120316156136825,"Replicated":true}
{"Key":"ping~Robins-MacBook-Pro.local:8011","Value":"1399120316157584374","Timestamp":1399120316158134385,"Replicated":true}
{"Key":"ping~Robins-MacBook-Pro.local:8013","Value":"1399120316158970215","Timestamp":1399120316158971580,"Replicated":false}
{"Key":"ping~indispenso-seed:8011","Value":"1399120325463114536","Timestamp":1399120325463813009,"Replicated":true}
{"Key":"ping~Robins-MacBook-Pro.local:8013","Value":"1399120325464670037","Timestamp":1399120325464672578,"Replicated":false}
{"Key":"ping~Robins-MacBook-Pro.local:8011","Value":"1399120325466061085","Timestamp":1399120325466614483,"Replicated":true}
{"Key":"ping~indispenso-seed:8011","Value":"1399120326150243355","Timestamp":1399120326157207717,"Replicated":true}
{"Key":"ping~Robins-MacBook-Pro.local:8011","Value":"1399120326158528895","Timestamp":1399120326159089433,"Replicated":true}
{"Key":"ping~Robins-MacBook-Pro.local:8013","Value":"1399120326159849011","Timestamp":1399120326159850381,"Replicated":false}
{"Key":"ping~indispenso-seed:8011","Value":"1399120335463434976","Timestamp":1399120335470397694,"Replicated":true}
{"Key":"ping~Robins-MacBook-Pro.local:8013","Value":"1399120335471608353","Timestamp":1399120335471609729,"Replicated":false}
{"Key":"ping~Robins-MacBook-Pro.local:8011","Value":"1399120335473073382","Timestamp":1399120335473691955,"Replicated":true}
{"Key":"ping~indispenso-seed:8011","Value":"1399120336150119577","Timestamp":1399120336157103498,"Replicated":true}
{"Key":"ping~Robins-MacBook-Pro.local:8011","Value":"1399120336158483764","Timestamp":1399120336159033506,"Replicated":true}
{"Key":"ping~Robins-MacBook-Pro.local:8013","Value":"1399120336159858126","Timestamp":1399120336159859145,"Replicated":false}
{"Key":"ping~indispenso-seed:8011","Value":"1399120345462415847","Timestamp":1399120345463390497,"Replicated":true}
{"Key":"ping~Robins-MacBook-Pro.local:8013","Value":"1399120345463984519","Timestamp":1399120345463985368,"Replicated":false}
{"Key":"ping~Robins-MacBook-Pro.local:8011","Value":"1399120345464996047","Timestamp":1399120345465377779,"Replicated":true}
{"Key":"ping~indispenso-seed:8011","Value":"1399120346150085921","Timestamp":1399120346150905137,"Replicated":true}
{"Key":"ping~Robins-MacBook-Pro.local:8011","Value":"1399120346152191220","Timestamp":1399120346152940217,"Replicated":true}
{"Key":"ping~Robins-MacBook-Pro.local:8013","Value":"1399120346153917899","Timestamp":1399120346153919157,"Replicated":false}
{"Key":"ping~Robins-MacBook-Pro.local:8013","Value":"1399120355464258656","Timestamp":1399120355464261340,"Replicated":false}
{"Key":"ping~Robins-MacBook-Pro.local:8013","Value":"1399120365464149875","Timestamp":1399120365464152234,"Replicated":false}
{"Key":"ping~Robins-MacBook-Pro.local:8013","Value":"1399120375465809628","Timestamp":1399120375465811137,"Replicated":false}
{"Key":"ping~indispenso-seed:8011","Value":"1399120377271001673","Timestamp":1399120377279004208,"Replicated":true}
{"Key":"ping~Robins-MacBook-Pro.local:8011","Value":"1399120377279623722","Timestamp":1399120377280790528,"Replicated":true}
{"Key":"ping~Robins-MacBook-Pro.local:8013","Value":"1399120377280934988","Timestamp":1399120377280936541,"Replicated":false}
{"Key":"ping~indispenso-seed:8011","Value":"1399120385462684813","Timestamp":1399120385463563812,"Replicated":true}
{"Key":"ping~Robins-MacBook-Pro.local:8013","Value":"1399120385463911362","Timestamp":1399120385463912445,"Replicated":false}
{"Key":"ping~Robins-MacBook-Pro.local:8011","Value":"1399120385464916684","Timestamp":1399120385465681831,"Replicated":true}
{"Key":"my_key","Value":"test","Timestamp":1399120385763385240,"Replicated":true}
{"Key":"my_key","Value":"test","Timestamp":1399120385986796037,"Replicated":true}
{"Key":"my_key","Value":"test","Timestamp":1399120386179857459,"Replicated":true}
{"Key":"my_key","Value":"test","Timestamp":1399120386359209289,"Replicated":true}
{"Key":"ping~indispenso-seed:8011","Value":"1399120387271047846","Timestamp":1399120387278151228,"Replicated":true}
{"Key":"ping~Robins-MacBook-Pro.local:8011","Value":"1399120387278636302","Timestamp":1399120387279640232,"Replicated":true}
{"Key":"ping~Robins-MacBook-Pro.local:8013","Value":"1399120387279756026","Timestamp":1399120387279756911,"Replicated":false}
{"Key":"ping~indispenso-seed:8011","Value":"1399120399413108633","Timestamp":1399120399421125854,"Replicated":true}
{"Key":"ping~Robins-MacBook-Pro.local:8013","Value":"1399120399422706728","Timestamp":1399120399422709607,"Replicated":false}
{"Key":"ping~indispenso-seed:8011","Value":"1399120407270830286","Timestamp":1399120407271994666,"Replicated":true}
{"Key":"ping~Robins-MacBook-Pro.local:8011","Value":"1399120407272375975","Timestamp":1399120407274652378,"Replicated":true}
{"Key":"ping~Robins-MacBook-Pro.local:8013","Value":"1399120407274840429","Timestamp":1399120407274842925,"Replicated":false}
{"Key":"ping~indispenso-seed:8011","Value":"1399120409416020844","Timestamp":1399120409423242838,"Replicated":true}
{"Key":"ping~Robins-MacBook-Pro.local:8013","Value":"1399120409424073089","Timestamp":1399120409424074918,"Replicated":false}
{"Key":"ping~Robins-MacBook-Pro.local:8011","Value":"1399120409425461795","Timestamp":1399120409426754394,"Replicated":true}
{"Key":"ping~indispenso-seed:8011","Value":"1399120417271302989","Timestamp":1399120417279041474,"Replicated":true}
{"Key":"ping~Robins-MacBook-Pro.local:8011","Value":"1399120417279586018","Timestamp":1399120417280658729,"Replicated":true}
{"Key":"ping~Robins-MacBook-Pro.local:8013","Value":"1399120417280813601","Timestamp":1399120417280814658,"Replicated":false}
{"Key":"ping~indispenso-seed:8011","Value":"1399120419414543795","Timestamp":1399120419422150488,"Replicated":true}
{"Key":"ping~Robins-MacBook-Pro.local:8013","Value":"1399120419422673893","Timestamp":1399120419422675140,"Replicated":false}
{"Key":"ping~Robins-MacBook-Pro.local:8011","Value":"1399120419423914614","Timestamp":1399120419424767448,"Replicated":true}
{"Key":"ping~indispenso-seed:8011","Value":"1399120427270879606","Timestamp":1399120427272252065,"Replicated":true}
{"Key":"ping~Robins-MacBook-Pro.local:8011","Value":"1399120427272429109","Timestamp":1399120427273573999,"Replicated":true}
{"Key":"ping~Robins-MacBook-Pro.local:8013","Value":"1399120427273731330","Timestamp":1399120427273734054,"Replicated":false}
{"Key":"ping~indispenso-seed:8011","Value":"1399120429415286032","Timestamp":1399120429416139644,"Replicated":true}
{"Key":"ping~Robins-MacBook-Pro.local:8013","Value":"1399120429416440371","Timestamp":1399120429416440984,"Replicated":false}
{"Key":"ping~Robins-MacBook-Pro.local:8011","Value":"1399120429417399384","Timestamp":1399120429418209125,"Replicated":true}
{"Key":"ping~indispenso-seed:8011","Value":"1399120437271045046","Timestamp":1399120437272261343,"Replicated":true}
{"Key":"ping~Robins-MacBook-Pro.local:8013","Value":"1399120437274082383","Timestamp":1399120437274083470,"Replicated":false}
{"Key":"ping~Robins-MacBook-Pro.local:8011","Value":"1399120437272635828","Timestamp":1399120437274540640,"Replicated":true}
{"Key":"ping~indispenso-seed:8011","Value":"1399120439415399589","Timestamp":1399120439423146341,"Replicated":true}
{"Key":"ping~Robins-MacBook-Pro.local:8013","Value":"1399120439423740582","Timestamp":1399120439423741536,"Replicated":false}
{"Key":"ping~Robins-MacBook-Pro.local:8011","Value":"1399120439424967099","Timestamp":1399120439426097334,"Replicated":true}
{"Key":"ping~indispenso-seed:8011","Value":"1399120447270124370","Timestamp":1399120447271255025,"Replicated":true}
{"Key":"ping~Robins-MacBook-Pro.local:8011","Value":"1399120447271622706","Timestamp":1399120447273471929,"Replicated":true}
{"Key":"ping~Robins-MacBook-Pro.local:8013","Value":"1399120447273844526","Timestamp":1399120447273845603,"Replicated":false}
{"Key":"ping~indispenso-seed:8011","Value":"1399120449415283873","Timestamp":1399120449422596703,"Replicated":true}
{"Key":"ping~Robins-MacBook-Pro.local:8013","Value":"1399120449422997619","Timestamp":1399120449422999869,"Replicated":false}
{"Key":"ping~Robins-MacBook-Pro.local:8011","Value":"1399120449423938566","Timestamp":1399120449424647583,"Replicated":true}
{"Key":"ping~indispenso-seed:8011","Value":"1399120457271175450","Timestamp":1399120457279010428,"Replicated":true}
{"Key":"ping~Robins-MacBook-Pro.local:8011","Value":"1399120457279507448","Timestamp":1399120457280624982,"Replicated":true}
{"Key":"ping~Robins-MacBook-Pro.local:8013","Value":"1399120457280783494","Timestamp":1399120457280784585,"Replicated":false}
{"Key":"ping~indispenso-seed:8011","Value":"1399120459415146634","Timestamp":1399120459416285685,"Replicated":true}
{"Key":"ping~Robins-MacBook-Pro.local:8013","Value":"1399120459416673430","Timestamp":1399120459416674371,"Replicated":false}
{"Key":"ping~Robins-MacBook-Pro.local:8011","Value":"1399120459417613505","Timestamp":1399120459418249884,"Replicated":true}
{"Key":"ping~indispenso-seed:8011","Value":"1399120467269998914","Timestamp":1399120467271151544,"Replicated":true}
{"Key":"ping~Robins-MacBook-Pro.local:8011","Value":"1399120467271564042","Timestamp":1399120467272775049,"Replicated":true}
{"Key":"ping~Robins-MacBook-Pro.local:8013","Value":"1399120467272921261","Timestamp":1399120467272922283,"Replicated":false}
{"Key":"ping~indispenso-seed:8011","Value":"1399120469415667490","Timestamp":1399120469423182476,"Replicated":true}
{"Key":"ping~Robins-MacBook-Pro.local:8013","Value":"1399120469423672530","Timestamp":1399120469423674848,"Replicated":false}
{"Key":"ping~Robins-MacBook-Pro.local:8011","Value":"1399120469424888802","Timestamp":1399120469425767675,"Replicated":true}
{"Key":"ping~indispenso-seed:8011","Value":"1399120477270796562","Timestamp":1399120477278513332,"Replicated":true}
{"Key":"ping~Robins-MacBook-Pro.local:8011","Value":"1399120477279026032","Timestamp":1399120477280086973,"Replicated":true}
{"Key":"ping~Robins-MacBook-Pro.local:8013","Value":"1399120477280231611","Timestamp":1399120477280232381,"Replicated":false}
{"Key":"ping~indispenso-seed:8011","Value":"1399120479415099727","Timestamp":1399120479422807039,"Replicated":true}
{"Key":"ping~Robins-MacBook-Pro.local:8013","Value":"1399120479423352111","Timestamp":1399120479423353201,"Replicated":false}
{"Key":"ping~Robins-MacBook-Pro.local:8011","Value":"1399120479424681728","Timestamp":1399120479425680822,"Replicated":true}
{"Key":"ping~indispenso-seed:8011","Value":"1399120487270492926","Timestamp":1399120487278175221,"Replicated":true}
{"Key":"ping~Robins-MacBook-Pro.local:8011","Value":"1399120487278678739","Timestamp":1399120487279794850,"Replicated":true}
{"Key":"ping~Robins-MacBook-Pro.local:8013","Value":"1399120487279946520","Timestamp":1399120487279947502,"Replicated":false}
{"Key":"ping~Robins-MacBook-Pro.local:8013","Value":"1399120489422575217","Timestamp":1399120489422576138,"Replicated":false}
{"Key":"ping~indispenso-seed:8011","Value":"1399120489415409740","Timestamp":1399120489423299488,"Replicated":true}
{"Key":"ping~Robins-MacBook-Pro.local:8011","Value":"1399120489423698759","Timestamp":1399120489424526963,"Replicated":true}
{"Key":"ping~Robins-MacBook-Pro.local:8013","Value":"1399120499415604839","Timestamp":1399120499415606330,"Replicated":false}
{"Key":"ping~Robins-MacBook-Pro.local:8013","Value":"1399120509415765977","Timestamp":1399120509415767588,"Replicated":false}
{"Key":"ping~Robins-MacBook-Pro.local:8013","Value":"1399120519415145652","Timestamp":1399120519415147762,"Replicated":false}
{"Key":"ping~Robins-MacBook-Pro.local:8013","Value":"1399120529415999886","Timestamp":1399120529416003202,"Replicated":false}
{"Key":"ping~Robins-MacBook-Pro.local:8013","Value":"1399120539415949027","Timestamp":1399120539415950827,"Replicated":false}
{"Key":"ping~Robins-MacBook-Pro.local:8013","Value":"1399120549415024778","Timestamp":1399120549415026848,"Replicated":false}
{"Key":"ping~Robins-MacBook-Pro.local:8013","Value":"1399120559415680461","Timestamp":1399120559415683259,"Replicated":false}
{"Key":"ping~Robins-MacBook-Pro.local:8013","Value":"1399120569415903431","Timestamp":1399120569415904911,"Replicated":false}
{"Key":"ping~Robins-MacBook-Pro.local:8013","Value":"1399120579416083447","Timestamp":1399120579416085465,"Replicated":false}
{"Key":"ping~Robins-MacBook-Pro.local:8013","Value":"1399120589415896942","Timestamp":1399120589415899100,"Replicated":false}
{"Key":"ping~Robins-MacBook-Pro.local:8013","Value":"1399120599416303707","Timestamp":1399120599416305731,"Replicated":false}
{"Key":"ping~Robins-MacBook-Pro.local:8013","Value":"1399120609415786902","Timestamp":1399120609415788758,"Replicated":false}
{"Key":"ping~Robins-MacBook-Pro.local:8013","Value":"1399120619416191616","Timestamp":1399120619416194434,"Replicated":false}
{"Key":"ping~Robins-MacBook-Pro.local:8013","Value":"1399120629416052875","Timestamp":1399120629416054422,"Replicated":false}
{"Key":"ping~Robins-MacBook-Pro.local:8013","Value":"1399120639416220630","Timestamp":1399120639416222706,"Replicated":false}
{"Key":"ping~indispenso-seed:8011","Value":"1399120649072257330","Timestamp":1399120649080348260,"Replicated":true}
{"Key":"ping~Robins-MacBook-Pro.local:8013","Value":"1399120649080588259","Timestamp":1399120649080595195,"Replicated":false}
{"Key":"ping~indispenso-seed:8011","Value":"1399120650725008914","Timestamp":1399120650732979719,"Replicated":true}
{"Key":"ping~Robins-MacBook-Pro.local:8013","Value":"1399120650734727875","Timestamp":1399120650734742000,"Replicated":false}
{"Key":"ping~Robins-MacBook-Pro.local:8011","Value":"1399120650733600184","Timestamp":1399120650735058023,"Replicated":true}
{"Key":"ping~Robins-MacBook-Pro.local:8013","Value":"1399120659075135243","Timestamp":1399120659075138016,"Replicated":false}
{"Key":"ping~Robins-MacBook-Pro.local:8013","Value":"1399120669074426288","Timestamp":1399120669074429252,"Replicated":false}
{"Key":"ping~Robins-MacBook-Pro.local:8013","Value":"1399120679075257501","Timestamp":1399120679075259120,"Replicated":false}
{"Key":"ping~Robins-MacBook-Pro.local:8013","Value":"1399120689075097461","Timestamp":1399120689075099920,"Replicated":false}
{"Key":"ping~Robins-MacBook-Pro.local:8013","Value":"1399120699075328092","Timestamp":1399120699075330083,"Replicated":false}
{"Key":"ping~Robins-MacBook-Pro.local:8013","Value":"1399120709075189529","Timestamp":1399120709075191557,"Replicated":false}
{"Key":"ping~Robins-MacBook-Pro.local:8013","Value":"1399120719074599182","Timestamp":1399120719074601010,"Replicated":false}
{"Key":"ping~Robins-MacBook-Pro.local:8013","Value":"1399120729075411457","Timestamp":1399120729075413141,"Replicated":false}
{"Key":"ping~Robins-MacBook-Pro.local:8013","Value":"1399120739075404019","Timestamp":1399120739075405871,"Replicated":false}
{"Key":"ping~Robins-MacBook-Pro.local:8013","Value":"1399120749075250629","Timestamp":1399120749075252301,"Replicated":false}
{"Key":"ping~Robins-MacBook-Pro.local:8013","Value":"1399120759075450729","Timestamp":1399120759075452410,"Replicated":false}
{"Key":"ping~Robins-MacBook-Pro.local:8013","Value":"1399120769075619525","Timestamp":1399120769075621322,"Replicated":false}
{"Key":"ping~Robins-MacBook-Pro.local:8013","Value":"1399120779075227456","Timestamp":1399120779075229206,"Replicated":false}
{"Key":"ping~Robins-MacBook-Pro.local:8013","Value":"1399120789074521977","Timestamp":1399120789074523985,"Replicated":false}
{"Key":"ping~Robins-MacBook-Pro.local:8013","Value":"1399120799075117720","Timestamp":1399120799075119390,"Replicated":false}
{"Key":"ping~Robins-MacBook-Pro.local:8013","Value":"1399120809075628595","Timestamp":1399120809075630715,"Replicated":false}
{"Key":"ping~Robins-MacBook-Pro.local:8013","Value":"1399120819075467347","Timestamp":1399120819075469328,"Replicated":false}
{"Key":"ping~Robins-MacBook-Pro.local:8013","Value":"1399120829075465158","Timestamp":1399120829075466911,"Replicated":false}
{"Key":"ping~Robins-MacBook-Pro.local:8013","Value":"1399120839075014877","Timestamp":1399120839075016602,"Replicated":false}
{"Key":"ping~Robins-MacBook-Pro.local:8013","Value":"1399120849075498254","Timestamp":1399120849075500145,"Replicated":false}
{"Key":"ping~Robins-MacBook-Pro.local:8013","Value":"1399120859075410298","Timestamp":1399120859075411940,"Replicated":false}
{"Key":"ping~Robins-MacBook-Pro.local:8013","Value":"1399120869075325465","Timestamp":1399120869075327281,"Replicated":false}
{"Key":"ping~Robins-MacBook-Pro.local:8013","Value":"1399120879075424846","Timestamp":1399120879075426750,"Replicated":false}
{"Key":"ping~Robins-MacBook-Pro.local:8013","Value":"1399120889075483844","Timestamp":1399120889075485766,"Replicated":false}
{"Key":"ping~Robins-MacBook-Pro.local:8013","Value":"1399120899075595920","Timestamp":1399120899075599260,"Replicated":false}
{"Key":"ping~Robins-MacBook-Pro.local:8013","Value":"1399120909074960731","Timestamp":1399120909074962739,"Replicated":false}
{"Key":"ping~Robins-MacBook-Pro.local:8013","Value":"1399120919075419617","Timestamp":1399120919075423166,"Replicated":false}
{"Key":"ping~Robins-MacBook-Pro.local:8013","Value":"1399120929075347834","Timestamp":1399120929075349689,"Replicated":false}
{"Key":"ping~Robins-MacBook-Pro.local:8013","Value":"1399120939075412000","Timestamp":1399120939075413906,"Replicated":false}
{"Key":"ping~Robins-MacBook-Pro.local:8013","Value":"1399120949075460642","Timestamp":1399120949075464153,"Replicated":false}
{"Key":"ping~Robins-MacBook-Pro.local:8013","Value":"1399120959075516075","Timestamp":1399120959075518084,"Replicated":false}
{"Key":"ping~Robins-MacBook-Pro.local:8013","Value":"1399120969074670147","Timestamp":1399120969074671720,"Replicated":false}
{"Key":"ping~Robins-MacBook-Pro.local:8013","Value":"1399120979075179001","Timestamp":1399120979075180679,"Replicated":false}
{"Key":"ping~Robins-MacBook-Pro.local:8013","Value":"1399120989075319888","Timestamp":1399120989075321650,"Replicated":false}
{"Key":"ping~Robins-MacBook-Pro.local:8013","Value":"1399120999075052746","Timestamp":1399120999075055594,"Replicated":false}
{"Key":"ping~Robins-MacBook-Pro.local:8013","Value":"1399121009075409015","Timestamp":1399121009075411029,"Replicated":false}
{"Key":"ping~Robins-MacBook-Pro.local:8013","Value":"1399121019075455534","Timestamp":1399121019075457487,"Replicated":false}
{"Key":"ping~Robins-MacBook-Pro.local:8013","Value":"1399121029075537228","Timestamp":1399121029075538967,"Replicated":false}
{"Key":"ping~Robins-MacBook-Pro.local:8013","Value":"1399121039075520545","Timestamp":1399121039075523945,"Replicated":false}
{"Key":"ping~Robins-MacBook-Pro.local:8013","Value":"1399121049082650706","Timestamp":1399121049082652099,"Replicated":false}
{"Key":"ping~indispenso-seed:8011","Value":"1399121049074655469","Timestamp":1399121049082379912,"Replicated":true}
{"Key":"ping~indispenso-seed:8011","Value":"1399121058492480566","Timestamp":1399121058500131397,"Replicated":true}
{"Key":"ping~Robins-MacBook-Pro.local:8011","Value":"1399121058500770510","Timestamp":1399121058502050842,"Replicated":true}
{"Key":"ping~Robins-MacBook-Pro.local:8013","Value":"1399121058502254208","Timestamp":1399121058502256276,"Replicated":false}
{"Key":"ping~indispenso-seed:8011","Value":"1399121059074196046","Timestamp":1399121059081762119,"Replicated":true}
{"Key":"ping~Robins-MacBook-Pro.local:8013","Value":"1399121059082256334","Timestamp":1399121059082257457,"Replicated":false}
{"Key":"ping~Robins-MacBook-Pro.local:8011","Value":"1399121059083317387","Timestamp":1399121059084464869,"Replicated":true}
{"Key":"ping~indispenso-seed:8011","Value":"1399121068492628048","Timestamp":1399121068500377835,"Replicated":true}
{"Key":"ping~Robins-MacBook-Pro.local:8011","Value":"1399121068500962152","Timestamp":1399121068502130983,"Replicated":true}
{"Key":"ping~Robins-MacBook-Pro.local:8013","Value":"1399121068502327535","Timestamp":1399121068502328731,"Replicated":false}
{"Key":"ping~indispenso-seed:8011","Value":"1399121069073636053","Timestamp":1399121069080913826,"Replicated":true}
{"Key":"ping~Robins-MacBook-Pro.local:8013","Value":"1399121069081331086","Timestamp":1399121069081332347,"Replicated":false}
{"Key":"ping~Robins-MacBook-Pro.local:8011","Value":"1399121069082642974","Timestamp":1399121069083615999,"Replicated":true}
{"Key":"ping~indispenso-seed:8011","Value":"1399121078491334924","Timestamp":1399121078498488797,"Replicated":true}
{"Key":"ping~Robins-MacBook-Pro.local:8011","Value":"1399121078498907343","Timestamp":1399121078499884606,"Replicated":true}
{"Key":"ping~Robins-MacBook-Pro.local:8013","Value":"1399121078500068411","Timestamp":1399121078500069651,"Replicated":false}
{"Key":"ping~indispenso-seed:8011","Value":"1399121079073630944","Timestamp":1399121079074572013,"Replicated":true}
{"Key":"ping~Robins-MacBook-Pro.local:8013","Value":"1399121079075013388","Timestamp":1399121079075014171,"Replicated":false}
{"Key":"ping~Robins-MacBook-Pro.local:8011","Value":"1399121079075854311","Timestamp":1399121079076545598,"Replicated":true}
{"Key":"ping~indispenso-seed:8011","Value":"1399121088492227966","Timestamp":1399121088499600846,"Replicated":true}
{"Key":"ping~Robins-MacBook-Pro.local:8011","Value":"1399121088500055346","Timestamp":1399121088501016532,"Replicated":true}
{"Key":"ping~Robins-MacBook-Pro.local:8013","Value":"1399121088501124128","Timestamp":1399121088501124777,"Replicated":false}
{"Key":"ping~indispenso-seed:8011","Value":"1399121089074606102","Timestamp":1399121089082280278,"Replicated":true}
{"Key":"ping~Robins-MacBook-Pro.local:8013","Value":"1399121089082834947","Timestamp":1399121089082835876,"Replicated":false}
{"Key":"ping~Robins-MacBook-Pro.local:8011","Value":"1399121089084149193","Timestamp":1399121089085057396,"Replicated":true}
{"Key":"ping~indispenso-seed:8011","Value":"1399121098491486698","Timestamp":1399121098499368475,"Replicated":true}
{"Key":"ping~Robins-MacBook-Pro.local:8011","Value":"1399121098500094962","Timestamp":1399121098502057059,"Replicated":true}
{"Key":"ping~Robins-MacBook-Pro.local:8013","Value":"1399121098502241799","Timestamp":1399121098502242922,"Replicated":false}
{"Key":"ping~indispenso-seed:8011","Value":"1399121099074817886","Timestamp":1399121099082332310,"Replicated":true}
{"Key":"ping~Robins-MacBook-Pro.local:8013","Value":"1399121099082975744","Timestamp":1399121099082976882,"Replicated":false}
{"Key":"ping~Robins-MacBook-Pro.local:8011","Value":"1399121099084340689","Timestamp":1399121099085115393,"Replicated":true}
{"Key":"ping~indispenso-seed:8011","Value":"1399121108492073237","Timestamp":1399121108499772828,"Replicated":true}
{"Key":"ping~Robins-MacBook-Pro.local:8011","Value":"1399121108500363442","Timestamp":1399121108501485453,"Replicated":true}
{"Key":"ping~Robins-MacBook-Pro.local:8013","Value":"1399121108501625406","Timestamp":1399121108501626362,"Replicated":false}
{"Key":"ping~indispenso-seed:8011","Value":"1399121109073910739","Timestamp":1399121109081231147,"Replicated":true}
{"Key":"ping~Robins-MacBook-Pro.local:8013","Value":"1399121109081685068","Timestamp":1399121109081686066,"Replicated":false}
{"Key":"ping~Robins-MacBook-Pro.local:8011","Value":"1399121109082647800","Timestamp":1399121109083340572,"Replicated":true}
{"Key":"ping~indispenso-seed:8011","Value":"1399121118491362561","Timestamp":1399121118498937396,"Replicated":true}
{"Key":"ping~Robins-MacBook-Pro.local:8011","Value":"1399121118499378682","Timestamp":1399121118500594473,"Replicated":true}
{"Key":"ping~Robins-MacBook-Pro.local:8013","Value":"1399121118500794865","Timestamp":1399121118500795946,"Replicated":false}
{"Key":"ping~indispenso-seed:8011","Value":"1399121119074756996","Timestamp":1399121119082369234,"Replicated":true}
{"Key":"ping~Robins-MacBook-Pro.local:8013","Value":"1399121119082894005","Timestamp":1399121119082894946,"Replicated":false}
{"Key":"ping~Robins-MacBook-Pro.local:8011","Value":"1399121119084394241","Timestamp":1399121119085337298,"Replicated":true}
{"Key":"ping~indispenso-seed:8011","Value":"1399121128492725831","Timestamp":1399121128499942835,"Replicated":true}
{"Key":"ping~Robins-MacBook-Pro.local:8011","Value":"1399121128500547211","Timestamp":1399121128501691955,"Replicated":true}
{"Key":"ping~Robins-MacBook-Pro.local:8013","Value":"1399121128501839854","Timestamp":1399121128501841881,"Replicated":false}
{"Key":"ping~indispenso-seed:8011","Value":"1399121129074508710","Timestamp":1399121129081921535,"Replicated":true}
{"Key":"ping~Robins-MacBook-Pro.local:8013","Value":"1399121129082414861","Timestamp":1399121129082416087,"Replicated":false}
{"Key":"ping~Robins-MacBook-Pro.local:8011","Value":"1399121129083777203","Timestamp":1399121129084620273,"Replicated":true}
{"Key":"ping~indispenso-seed:8011","Value":"1399121138492612430","Timestamp":1399121138500537086,"Replicated":true}
{"Key":"ping~Robins-MacBook-Pro.local:8011","Value":"1399121138501094816","Timestamp":1399121138502289914,"Replicated":true}
{"Key":"ping~Robins-MacBook-Pro.local:8013","Value":"1399121138502706931","Timestamp":1399121138502707901,"Replicated":false}
{"Key":"ping~Robins-MacBook-Pro.local:8013","Value":"1399121139075342482","Timestamp":1399121139075344675,"Replicated":false}
{"Key":"ping~indispenso-seed:8011","Value":"1399121139074187652","Timestamp":1399121139075559957,"Replicated":true}
{"Key":"ping~Robins-MacBook-Pro.local:8011","Value":"1399121139076559786","Timestamp":1399121139077292724,"Replicated":true}
{"Key":"ping~indispenso-seed:8011","Value":"1399121148492177278","Timestamp":1399121148499156968,"Replicated":true}
{"Key":"ping~Robins-MacBook-Pro.local:8011","Value":"1399121148499639935","Timestamp":1399121148500481532,"Replicated":true}
{"Key":"ping~Robins-MacBook-Pro.local:8013","Value":"1399121148500577735","Timestamp":1399121148500578409,"Replicated":false}
{"Key":"ping~indispenso-seed:8011","Value":"1399121149073799359","Timestamp":1399121149081533658,"Replicated":true}
{"Key":"ping~Robins-MacBook-Pro.local:8013","Value":"1399121149082098920","Timestamp":1399121149082100311,"Replicated":false}
{"Key":"ping~Robins-MacBook-Pro.local:8011","Value":"1399121149083474774","Timestamp":1399121149084557459,"Replicated":true}
{"Key":"ping~indispenso-seed:8011","Value":"1399121158492297771","Timestamp":1399121158500556754,"Replicated":true}
{"Key":"ping~Robins-MacBook-Pro.local:8011","Value":"1399121158501164389","Timestamp":1399121158502310896,"Replicated":true}
{"Key":"ping~Robins-MacBook-Pro.local:8013","Value":"1399121158502461981","Timestamp":1399121158502463013,"Replicated":false}
{"Key":"ping~indispenso-seed:8011","Value":"1399121159074679631","Timestamp":1399121159082558336,"Replicated":true}
{"Key":"ping~Robins-MacBook-Pro.local:8013","Value":"1399121159083112541","Timestamp":1399121159083113859,"Replicated":false}
{"Key":"ping~Robins-MacBook-Pro.local:8011","Value":"1399121159084371782","Timestamp":1399121159085305061,"Replicated":true}
{"Key":"ping~indispenso-seed:8011","Value":"1399121168492572339","Timestamp":1399121168500294888,"Replicated":true}
{"Key":"ping~Robins-MacBook-Pro.local:8011","Value":"1399121168500818279","Timestamp":1399121168501908058,"Replicated":true}
{"Key":"ping~Robins-MacBook-Pro.local:8013","Value":"1399121168502266762","Timestamp":1399121168502268241,"Replicated":false}
{"Key":"ping~indispenso-seed:8011","Value":"1399121169074740777","Timestamp":1399121169082360017,"Replicated":true}
{"Key":"ping~Robins-MacBook-Pro.local:8013","Value":"1399121169082831636","Timestamp":1399121169082832952,"Replicated":false}
{"Key":"ping~Robins-MacBook-Pro.local:8011","Value":"1399121169084378446","Timestamp":1399121169085273766,"Replicated":true}
{"Key":"ping~Robins-MacBook-Pro.local:8013","Value":"1399121179076544563","Timestamp":1399121179076545782,"Replicated":false}
{"Key":"ping~Robins-MacBook-Pro.local:8013","Value":"1399121189082718743","Timestamp":1399121189082720460,"Replicated":false}
{"Key":"ping~Robins-MacBook-Pro.local:8013","Value":"1399121199082244508","Timestamp":1399121199082246396,"Replicated":false}
{"Key":"ping~Robins-MacBook-Pro.local:8013","Value":"1399121209075041139","Timestamp":1399121209075043441,"Replicated":false}
{"Key":"ping~Robins-MacBook-Pro.local:8013","Value":"1399121219074666802","Timestamp":1399121219074668118,"Replicated":false}
{"Key":"ping~indispenso-seed:8011","Value":"1399121224504489172","Timestamp":1399121224512622215,"Replicated":true}
{"Key":"ping~Robins-MacBook-Pro.local:8013","Value":"1399121224512805660","Timestamp":1399121224512827023,"Replicated":false}
{"Key":"ping~Robins-MacBook-Pro.local:8013","Value":"1399121234507849241","Timestamp":1399121234507852101,"Replicated":false}
{"Key":"ping~Robins-MacBook-Pro.local:8013","Value":"1399121244507124007","Timestamp":1399121244507125700,"Replicated":false}
{"Key":"ping~Robins-MacBook-Pro.local:8013","Value":"1399121254506941636","Timestamp":1399121254506943083,"Replicated":false}
{"Key":"ping~Robins-MacBook-Pro.local:8013","Value":"1399121264507492980","Timestamp":1399121264507494729,"Replicated":false}
{"Key":"ping~Robins-MacBook-Pro.local:8013","Value":"1399121274506931518","Timestamp":1399121274506933179,"Replicated":false}
{"Key":"ping~Robins-MacBook-Pro.local:8013","Value":"1399121284514807165","Timestamp":1399121284514809118,"Replicated":false}
{"Key":"ping~indispenso-seed:8011","Value":"1399121284506754356","Timestamp":1399121284514746233,"Replicated":true}
{"Key":"ping~Robins-MacBook-Pro.local:8013","Value":"1399121294507443381","Timestamp":1399121294507445238,"Replicated":false}
{"Key":"ping~Robins-MacBook-Pro.local:8013","Value":"1399121304507445274","Timestamp":1399121304507447126,"Replicated":false}
{"Key":"ping~Robins-MacBook-Pro.local:8013","Value":"1399121314506132556","Timestamp":1399121314506133869,"Replicated":false}
{"Key":"ping~Robins-MacBook-Pro.local:8013","Value":"1399121324507537544","Timestamp":1399121324507539348,"Replicated":false}
{"Key":"ping~Robins-MacBook-Pro.local:8013","Value":"1399121334506397083","Timestamp":1399121334506398742,"Replicated":false}
{"Key":"ping~Robins-MacBook-Pro.local:8013","Value":"1399121344506390660","Timestamp":1399121344506392132,"Replicated":false}
{"Key":"ping~Robins-MacBook-Pro.local:8013","Value":"1399121354507134622","Timestamp":1399121354507136113,"Replicated":false}
{"Key":"ping~Robins-MacBook-Pro.local:8013","Value":"1399121364506258634","Timestamp":1399121364506260414,"Replicated":false}
{"Key":"ping~Robins-MacBook-Pro.local:8013","Value":"1399121374506262589","Timestamp":1399121374506263753,"Replicated":false}
{"Key":"ping~Robins-MacBook-Pro.local:8013","Value":"1399121384507429229","Timestamp":1399121384507430903,"Replicated":false}
{"Key":"ping~Robins-MacBook-Pro.local:8013","Value":"1399121394507379230","Timestamp":1399121394507381113,"Replicated":false}
{"Key":"ping~Robins-MacBook-Pro.local:8013","Value":"1399121404507821673","Timestamp":1399121404507824189,"Replicated":false}
{"Key":"ping~Robins-MacBook-Pro.local:8013","Value":"1399121414505865981","Timestamp":1399121414505868148,"Replicated":false}
{"Key":"ping~Robins-MacBook-Pro.local:8013","Value":"1399121424505974558","Timestamp":1399121424505975886,"Replicated":false}
{"Key":"ping~Robins-MacBook-Pro.local:8013","Value":"1399121434507603932","Timestamp":1399121434507605527,"Replicated":false}
{"Key":"ping~Robins-MacBook-Pro.local:8013","Value":"1399121444507276232","Timestamp":1399121444507278026,"Replicated":false}
{"Key":"ping~Robins-MacBook-Pro.local:8013","Value":"1399121454507626517","Timestamp":1399121454507628348,"Replicated":false}
{"Key":"ping~Robins-MacBook-Pro.local:8013","Value":"1399121464506593620","Timestamp":1399121464506595409,"Replicated":false}
{"Key":"ping~Robins-MacBook-Pro.local:8013","Value":"1399121474507278751","Timestamp":1399121474507281253,"Replicated":false}
{"Key":"ping~Robins-MacBook-Pro.local:8013","Value":"1399121484507159973","Timestamp":1399121484507161212,"Replicated":false}
{"Key":"ping~Robins-MacBook-Pro.local:8013","Value":"1399121494507551417","Timestamp":1399121494507554788,"Replicated":false}
{"Key":"ping~Robins-MacBook-Pro.local:8013","Value":"1399121504506775079","Timestamp":1399121504506776778,"Replicated":false}
{"Key":"ping~Robins-MacBook-Pro.local:8013","Value":"1399121514507546811","Timestamp":1399121514507548414,"Replicated":false}
{"Key":"ping~Robins-MacBook-Pro.local:8013","Value":"1399121524506468840","Timestamp":1399121524506470485,"Replicated":false}
{"Key":"ping~Robins-MacBook-Pro.local:8013","Value":"1399121534515606797","Timestamp":1399121534515609518,"Replicated":false}
{"Key":"ping~indispenso-seed:8011","Value":"1399121534507234277","Timestamp":1399121534515464335,"Replicated":true}
{"Key":"ping~Robins-MacBook-Pro.local:8013","Value":"1399121544507730958","Timestamp":1399121544507732655,"Replicated":false}
{"Key":"ping~Robins-MacBook-Pro.local:8013","Value":"1399121554506945695","Timestamp":1399121554506947270,"Replicated":false}
{"Key":"ping~Robins-MacBook-Pro.local:8013","Value":"1399121564506061425","Timestamp":1399121564506062778,"Replicated":false}
{"Key":"ping~Robins-MacBook-Pro.local:8013","Value":"1399121574507190909","Timestamp":1399121574507192357,"Replicated":false}
{"Key":"ping~Robins-MacBook-Pro.local:8013","Value":"1399121584506870122","Timestamp":1399121584506871722,"Replicated":false}
{"Key":"ping~Robins-MacBook-Pro.local:8013","Value":"1399121594506304503","Timestamp":1399121594506306737,"Replicated":false}
{"Key":"ping~Robins-MacBook-Pro.local:8013","Value":"1399121604507580968","Timestamp":1399121604507582483,"Replicated":false}
{"Key":"ping~Robins-MacBook-Pro.local:8013","Value":"1399121614507228289","Timestamp":1399121614507229683,"Replicated":false}
{"Key":"ping~Robins-MacBook-Pro.local:8013","Value":"1399121624506606431","Timestamp":1399121624506609154,"Replicated":false}
{"Key":"ping~Robins-MacBook-Pro.local:8013","Value":"1399121634506232896","Timestamp":1399121634506234254,"Replicated":false}
{"Key":"ping~Robins-MacBook-Pro.local:8013","Value":"1399121644506437937","Timestamp":1399121644506439571,"Replicated":false}
{"Key":"ping~Robins-MacBook-Pro.local:8013","Value":"1399121654507366515","Timestamp":1399121654507368174,"Replicated":false}
{"Key":"ping~Robins-MacBook-Pro.local:8013","Value":"1399121664506367423","Timestamp":1399121664506369000,"Replicated":false}
{"Key":"ping~Robins-MacBook-Pro.local:8013","Value":"1399121674507715910","Timestamp":1399121674507719040,"Replicated":false}
{"Key":"ping~Robins-MacBook-Pro.local:8013","Value":"1399121684507853648","Timestamp":1399121684507855546,"Replicated":false}
{"Key":"ping~Robins-MacBook-Pro.local:8013","Value":"1399121694507449407","Timestamp":1399121694507452723,"Replicated":false}
{"Key":"ping~Robins-MacBook-Pro.local:8013","Value":"1399121704506412786","Timestamp":1399121704506414618,"Replicated":false}
{"Key":"ping~Robins-MacBook-Pro.local:8013","Value":"1399121714507732140","Timestamp":1399121714507733939,"Replicated":false}
{"Key":"ping~Robins-MacBook-Pro.local:8013","Value":"1399121724507032163","Timestamp":1399121724507033562,"Replicated":false}
{"Key":"ping~Robins-MacBook-Pro.local:8013","Value":"1399121734507097059","Timestamp":1399121734507098921,"Replicated":false}
{"Key":"ping~Robins-MacBook-Pro.local:8013","Value":"1399121744507694789","Timestamp":1399121744507696331,"Replicated":false}
{"Key":"ping~Robins-MacBook-Pro.local:8013","Value":"1399121754505962193","Timestamp":1399121754505963403,"Replicated":false}
{"Key":"ping~Robins-MacBook-Pro.local:8013","Value":"1399121764505974167","Timestamp":1399121764505975643,"Replicated":false}
{"Key":"ping~Robins-MacBook-Pro.local:8013","Value":"1399121774506972741","Timestamp":1399121774506974214,"Replicated":false}
{"Key":"ping~Robins-MacBook-Pro.local:8013","Value":"1399121784506119179","Timestamp":1399121784506121864,"Replicated":false}
{"Key":"ping~Robins-MacBook-Pro.local:8013","Value":"1399121794507301432","Timestamp":1399121794507304325,"Replicated":false}
{"Key":"ping~Robins-MacBook-Pro.local:8013","Value":"1399121804507213953","Timestamp":1399121804507216893,"Replicated":false}
{"Key":"ping~Robins-MacBook-Pro.local:8013","Value":"1399121814507240629","Timestamp":1399121814507242078,"Replicated":false}
{"Key":"ping~Robins-MacBook-Pro.local:8013","Value":"1399121824507103078","Timestamp":1399121824507105373,"Replicated":false}
{"Key":"ping~Robins-MacBook-Pro.local:8013","Value":"1399121834507499087","Timestamp":1399121834507500839,"Replicated":false}
{"Key":"ping~Robins-MacBook-Pro.local:8013","Value":"1399121844506277892","Timestamp":1399121844506279266,"Replicated":false}
{"Key":"ping~Robins-MacBook-Pro.local:8013","Value":"1399121854507429292","Timestamp":1399121854507431007,"Replicated":false}
{"Key":"ping~Robins-MacBook-Pro.local:8013","Value":"1399121864507523359","Timestamp":1399121864507525644,"Replicated":false}
{"Key":"ping~Robins-MacBook-Pro.local:8013","Value":"1399121874507651056","Timestamp":1399121874507652805,"Replicated":false}
{"Key":"ping~Robins-MacBook-Pro.local:8013","Value":"1399121884507448857","Timestamp":1399121884507450387,"Replicated":false}
{"Key":"ping~Robins-MacBook-Pro.local:8013","Value":"1399121894506281373","Timestamp":1399121894506282900,"Replicated":false}
{"Key":"ping~Robins-MacBook-Pro.local:8013","Value":"1399121904506864629","Timestamp":1399121904506865895,"Replicated":false}
{"Key":"ping~Robins-MacBook-Pro.local:8013","Value":"1399121914507505762","Timestamp":1399121914507507202,"Replicated":false}
{"Key":"ping~Robins-MacBook-Pro.local:8013","Value":"1399121924506268368","Timestamp":1399121924506270286,"Replicated":false}
{"Key":"ping~Robins-MacBook-Pro.local:8013","Value":"1399121934506952138","Timestamp":1399121934506953757,"Replicated":false}
{"Key":"ping~indispenso-seed:8011","Value":"1399121943451524978","Timestamp":1399121943459411775,"Replicated":true}
{"Key":"ping~Robins-MacBook-Pro.local:8013","Value":"1399121943460014067","Timestamp":1399121943460016952,"Replicated":false}
{"Key":"ping~indispenso-seed:8011","Value":"1399121948841927347","Timestamp":1399121948848498671,"Replicated":true}
{"Key":"ping~Robins-MacBook-Pro.local:8011","Value":"1399121948849057980","Timestamp":1399121948850235393,"Replicated":true}
{"Key":"ping~Robins-MacBook-Pro.local:8013","Value":"1399121948850376126","Timestamp":1399121948850377638,"Replicated":false}
{"Key":"ping~indispenso-seed:8011","Value":"1399121953453805094","Timestamp":1399121953460176011,"Replicated":true}
{"Key":"ping~Robins-MacBook-Pro.local:8013","Value":"1399121953460725963","Timestamp":1399121953460727129,"Replicated":false}
{"Key":"ping~Robins-MacBook-Pro.local:8011","Value":"1399121953461917609","Timestamp":1399121953463137008,"Replicated":true}
{"Key":"ping~indispenso-seed:8011","Value":"1399121958841855953","Timestamp":1399121958848103111,"Replicated":true}
{"Key":"ping~Robins-MacBook-Pro.local:8011","Value":"1399121958848616406","Timestamp":1399121958849697166,"Replicated":true}
{"Key":"ping~Robins-MacBook-Pro.local:8013","Value":"1399121958849846713","Timestamp":1399121958849847767,"Replicated":false}
{"Key":"ping~indispenso-seed:8011","Value":"1399121963453180272","Timestamp":1399121963459074471,"Replicated":true}
{"Key":"ping~Robins-MacBook-Pro.local:8013","Value":"1399121963459474799","Timestamp":1399121963459475810,"Replicated":false}
{"Key":"ping~Robins-MacBook-Pro.local:8011","Value":"1399121963460353933","Timestamp":1399121963461078045,"Replicated":true}
{"Key":"ping~indispenso-seed:8011","Value":"1399121968840895075","Timestamp":1399121968846898073,"Replicated":true}
{"Key":"ping~Robins-MacBook-Pro.local:8011","Value":"1399121968847327639","Timestamp":1399121968848587168,"Replicated":true}
{"Key":"ping~Robins-MacBook-Pro.local:8013","Value":"1399121968848810882","Timestamp":1399121968848812179,"Replicated":false}
{"Key":"ping~indispenso-seed:8011","Value":"1399121973453637720","Timestamp":1399121973460137649,"Replicated":true}
{"Key":"ping~Robins-MacBook-Pro.local:8013","Value":"1399121973460605511","Timestamp":1399121973460606739,"Replicated":false}
{"Key":"ping~Robins-MacBook-Pro.local:8011","Value":"1399121973462572341","Timestamp":1399121973463456998,"Replicated":true}
{"Key":"ping~indispenso-seed:8011","Value":"1399121978841782216","Timestamp":1399121978848015752,"Replicated":true}
{"Key":"ping~Robins-MacBook-Pro.local:8011","Value":"1399121978848634857","Timestamp":1399121978849770027,"Replicated":true}
{"Key":"ping~Robins-MacBook-Pro.local:8013","Value":"1399121978849919173","Timestamp":1399121978849920870,"Replicated":false}
{"Key":"ping~indispenso-seed:8011","Value":"1399121983453826840","Timestamp":1399121983460012082,"Replicated":true}
{"Key":"ping~Robins-MacBook-Pro.local:8013","Value":"1399121983460579082","Timestamp":1399121983460580358,"Replicated":false}
{"Key":"ping~Robins-MacBook-Pro.local:8011","Value":"1399121983461771848","Timestamp":1399121983462680203,"Replicated":true}
{"Key":"ping~indispenso-seed:8011","Value":"1399121988841903617","Timestamp":1399121988848269541,"Replicated":true}
{"Key":"ping~Robins-MacBook-Pro.local:8011","Value":"1399121988848832187","Timestamp":1399121988850781155,"Replicated":true}
{"Key":"ping~Robins-MacBook-Pro.local:8013","Value":"1399121988850942762","Timestamp":1399121988850943833,"Replicated":false}
{"Key":"ping~indispenso-seed:8011","Value":"1399121993453723295","Timestamp":1399121993460056348,"Replicated":true}
{"Key":"ping~Robins-MacBook-Pro.local:8013","Value":"1399121993460637494","Timestamp":1399121993460638704,"Replicated":false}
{"Key":"ping~Robins-MacBook-Pro.local:8011","Value":"1399121993461833564","Timestamp":1399121993462753440,"Replicated":true}
{"Key":"ping~indispenso-seed:8011","Value":"1399121998842096147","Timestamp":1399121998843233025,"Replicated":true}
{"Key":"ping~Robins-MacBook-Pro.local:8011","Value":"1399121998843694115","Timestamp":1399121998844751225,"Replicated":true}
{"Key":"ping~Robins-MacBook-Pro.local:8013","Value":"1399121998844898871","Timestamp":1399121998844900392,"Replicated":false}
{"Key":"ping~indispenso-seed:8011","Value":"1399122003452901544","Timestamp":1399122003459065362,"Replicated":true}
{"Key":"ping~Robins-MacBook-Pro.local:8013","Value":"1399122003459684064","Timestamp":1399122003459684996,"Replicated":false}
{"Key":"ping~Robins-MacBook-Pro.local:8011","Value":"1399122003461114653","Timestamp":1399122003461948991,"Replicated":true}
{"Key":"ping~indispenso-seed:8011","Value":"1399122008841998343","Timestamp":1399122008848215446,"Replicated":true}
{"Key":"ping~Robins-MacBook-Pro.local:8011","Value":"1399122008848715864","Timestamp":1399122008849779540,"Replicated":true}
{"Key":"ping~Robins-MacBook-Pro.local:8013","Value":"1399122008849936200","Timestamp":1399122008849937292,"Replicated":false}
{"Key":"ping~indispenso-seed:8011","Value":"1399122013453678323","Timestamp":1399122013459803482,"Replicated":true}
{"Key":"ping~Robins-MacBook-Pro.local:8013","Value":"1399122013460348401","Timestamp":1399122013460349311,"Replicated":false}
{"Key":"ping~Robins-MacBook-Pro.local:8011","Value":"1399122013461554541","Timestamp":1399122013462446676,"Replicated":true}
{"Key":"ping~indispenso-seed:8011","Value":"1399122018841398632","Timestamp":1399122018847946105,"Replicated":true}
{"Key":"ping~Robins-MacBook-Pro.local:8011","Value":"1399122018848237352","Timestamp":1399122018849360857,"Replicated":true}
{"Key":"ping~Robins-MacBook-Pro.local:8013","Value":"1399122018849518410","Timestamp":1399122018849519454,"Replicated":false}
{"Key":"ping~indispenso-seed:8011","Value":"1399122023453020913","Timestamp":1399122023458994060,"Replicated":true}
{"Key":"ping~Robins-MacBook-Pro.local:8013","Value":"1399122023459407152","Timestamp":1399122023459407933,"Replicated":false}
{"Key":"ping~Robins-MacBook-Pro.local:8011","Value":"1399122023460411543","Timestamp":1399122023461095120,"Replicated":true}
{"Key":"ping~indispenso-seed:8011","Value":"1399122028840890097","Timestamp":1399122028847376096,"Replicated":true}
{"Key":"ping~Robins-MacBook-Pro.local:8011","Value":"1399122028847752026","Timestamp":1399122028849346417,"Replicated":true}
{"Key":"ping~Robins-MacBook-Pro.local:8013","Value":"1399122028849538105","Timestamp":1399122028849539000,"Replicated":false}
{"Key":"ping~indispenso-seed:8011","Value":"1399122033453654520","Timestamp":1399122033459946554,"Replicated":true}
{"Key":"ping~Robins-MacBook-Pro.local:8013","Value":"1399122033460390106","Timestamp":1399122033460391586,"Replicated":false}
{"Key":"ping~Robins-MacBook-Pro.local:8011","Value":"1399122033461742569","Timestamp":1399122033462665033,"Replicated":true}
{"Key":"ping~indispenso-seed:8011","Value":"1399122038841336327","Timestamp":1399122038847652590,"Replicated":true}
{"Key":"ping~Robins-MacBook-Pro.local:8011","Value":"1399122038848161048","Timestamp":1399122038849585072,"Replicated":true}
{"Key":"ping~Robins-MacBook-Pro.local:8013","Value":"1399122038849912181","Timestamp":1399122038849914469,"Replicated":false}
{"Key":"ping~indispenso-seed:8011","Value":"1399122043453079304","Timestamp":1399122043459535602,"Replicated":true}
{"Key":"ping~Robins-MacBook-Pro.local:8013","Value":"1399122043460346217","Timestamp":1399122043460348983,"Replicated":false}
{"Key":"ping~Robins-MacBook-Pro.local:8011","Value":"1399122043461689163","Timestamp":1399122043462577414,"Replicated":true}
{"Key":"ping~indispenso-seed:8011","Value":"1399122048841552863","Timestamp":1399122048847886442,"Replicated":true}
{"Key":"ping~Robins-MacBook-Pro.local:8011","Value":"1399122048848504203","Timestamp":1399122048849579616,"Replicated":true}
{"Key":"ping~Robins-MacBook-Pro.local:8013","Value":"1399122048849752737","Timestamp":1399122048849754193,"Replicated":false}
{"Key":"ping~indispenso-seed:8011","Value":"1399122053452960816","Timestamp":1399122053453978276,"Replicated":true}
{"Key":"ping~Robins-MacBook-Pro.local:8013","Value":"1399122053454381675","Timestamp":1399122053454383354,"Replicated":false}
{"Key":"ping~Robins-MacBook-Pro.local:8011","Value":"1399122053455515229","Timestamp":1399122053456510333,"Replicated":true}
