{"Key":"ping~indispenso-seed:8011","Value":"1399120196147575754","Timestamp":1399120196147580962,"Replicated":false}
{"Key":"ping~indispenso-seed:8011","Value":"1399120196147575754","Timestamp":1399120196154728154,"Replicated":true}
{"Key":"ping~Robins-MacBook-Pro.local:8011","Value":"1399120196155287722","Timestamp":1399120196155288930,"Replicated":false}
{"Key":"ping~Robins-MacBook-Pro.local:8011","Value":"1399120196155287722","Timestamp":1399120196156199078,"Replicated":true}
{"Key":"ping~indispenso-seed:8011","Value":"1399120205461043098","Timestamp":1399120205461052003,"Replicated":false}
{"Key":"ping~indispenso-seed:8011","Value":"1399120205461043098","Timestamp":1399120205468486433,"Replicated":true}
{"Key":"ping~Robins-MacBook-Pro.local:8013","Value":"1399120205469264198","Timestamp":1399120205470912237,"Replicated":true}
{"Key":"ping~Robins-MacBook-Pro.local:8013","Value":"1399120205469264198","Timestamp":1399120205470986197,"Replicated":true}
{"Key":"ping~indispenso-seed:8011","Value":"1399120206150089045","Timestamp":1399120206150091023,"Replicated":false}
{"Key":"ping~indispenso-seed:8011","Value":"1399120206150089045","Timestamp":1399120206156768646,"Replicated":true}
{"Key":"ping~Robins-MacBook-Pro.local:8011","Value":"1399120206158237665","Timestamp":1399120206158238990,"Replicated":false}
{"Key":"ping~Robins-MacBook-Pro.local:8011","Value":"1399120206158237665","Timestamp":1399120206158660059,"Replicated":true}
{"Key":"ping~Robins-MacBook-Pro.local:8013","Value":"1399120206159684050","Timestamp":1399120206160384319,"Replicated":true}
{"Key":"ping~Robins-MacBook-Pro.local:8013","Value":"1399120206159684050","Timestamp":1399120206160270756,"Replicated":true}
{"Key":"ping~indispenso-seed:8011","Value":"1399120215463658970","Timestamp":1399120215463661416,"Replicated":false}
{"Key":"ping~indispenso-seed:8011","Value":"1399120215463658970","Timestamp":1399120215470331199,"Replicated":true}
{"Key":"ping~Robins-MacBook-Pro.local:8013","Value":"1399120215471435233","Timestamp":1399120215471907291,"Replicated":true}
{"Key":"ping~Robins-MacBook-Pro.local:8013","Value":"1399120215471435233","Timestamp":1399120215472020451,"Replicated":true}
{"Key":"ping~Robins-MacBook-Pro.local:8011","Value":"1399120215472814577","Timestamp":1399120215472817657,"Replicated":false}
{"Key":"ping~Robins-MacBook-Pro.local:8011","Value":"1399120215472814577","Timestamp":1399120215473354909,"Replicated":true}
{"Key":"ping~indispenso-seed:8011","Value":"1399120216149814971","Timestamp":1399120216149816896,"Replicated":false}
{"Key":"ping~indispenso-seed:8011","Value":"1399120216149814971","Timestamp":1399120216156376609,"Replicated":true}
{"Key":"ping~Robins-MacBook-Pro.local:8011","Value":"1399120216157665960","Timestamp":1399120216157667258,"Replicated":false}
{"Key":"ping~Robins-MacBook-Pro.local:8011","Value":"1399120216157665960","Timestamp":1399120216158103919,"Replicated":true}
{"Key":"ping~Robins-MacBook-Pro.local:8013","Value":"1399120216159044656","Timestamp":1399120216159421245,"Replicated":true}
{"Key":"ping~Robins-MacBook-Pro.local:8013","Value":"1399120216159044656","Timestamp":1399120216159486646,"Replicated":true}
{"Key":"my_key","Value":"test","Timestamp":1399120222876490220,"Replicated":false}
{"Key":"my_key","Value":"test","Timestamp":1399120222877339759,"Replicated":true}
{"Key":"ping~indispenso-seed:8011","Value":"1399120225462956049","Timestamp":1399120225462958021,"Replicated":false}
{"Key":"ping~indispenso-seed:8011","Value":"1399120225462956049","Timestamp":1399120225463539699,"Replicated":true}
{"Key":"ping~Robins-MacBook-Pro.local:8013","Value":"1399120225464543504","Timestamp":1399120225465054503,"Replicated":true}
{"Key":"ping~Robins-MacBook-Pro.local:8013","Value":"1399120225464543504","Timestamp":1399120225465145986,"Replicated":true}
{"Key":"ping~Robins-MacBook-Pro.local:8011","Value":"1399120225466587110","Timestamp":1399120225466588106,"Replicated":false}
{"Key":"ping~Robins-MacBook-Pro.local:8011","Value":"1399120225466587110","Timestamp":1399120225466984564,"Replicated":true}
{"Key":"ping~indispenso-seed:8011","Value":"1399120226149745391","Timestamp":1399120226149746908,"Replicated":false}
{"Key":"ping~indispenso-seed:8011","Value":"1399120226149745391","Timestamp":1399120226150243541,"Replicated":true}
{"Key":"ping~Robins-MacBook-Pro.local:8011","Value":"1399120226151156571","Timestamp":1399120226151157396,"Replicated":false}
{"Key":"ping~Robins-MacBook-Pro.local:8011","Value":"1399120226151156571","Timestamp":1399120226151474198,"Replicated":true}
{"Key":"ping~Robins-MacBook-Pro.local:8013","Value":"1399120226152222078","Timestamp":1399120226152515460,"Replicated":true}
{"Key":"ping~Robins-MacBook-Pro.local:8013","Value":"1399120226152222078","Timestamp":1399120226152577728,"Replicated":true}
{"Key":"my_key","Value":"test","Timestamp":1399120228491812726,"Replicated":false}
{"Key":"my_key","Value":"test","Timestamp":1399120228492354180,"Replicated":true}
{"Key":"my_key","Value":"test","Timestamp":1399120234464442482,"Replicated":false}
{"Key":"my_key","Value":"test","Timestamp":1399120234465006349,"Replicated":true}
{"Key":"ping~indispenso-seed:8011","Value":"1399120235462815617","Timestamp":1399120235462817628,"Replicated":false}
{"Key":"ping~indispenso-seed:8011","Value":"1399120235462815617","Timestamp":1399120235463425446,"Replicated":true}
{"Key":"ping~Robins-MacBook-Pro.local:8013","Value":"1399120235464346084","Timestamp":1399120235464857905,"Replicated":true}
{"Key":"ping~Robins-MacBook-Pro.local:8013","Value":"1399120235464346084","Timestamp":1399120235464950893,"Replicated":true}
{"Key":"ping~Robins-MacBook-Pro.local:8011","Value":"1399120235465903298","Timestamp":1399120235465904858,"Replicated":false}
{"Key":"ping~Robins-MacBook-Pro.local:8011","Value":"1399120235465903298","Timestamp":1399120235466356361,"Replicated":true}
{"Key":"my_key","Value":"test","Timestamp":1399120236134113535,"Replicated":false}
{"Key":"my_key","Value":"test","Timestamp":1399120236134659605,"Replicated":true}
{"Key":"ping~indispenso-seed:8011","Value":"1399120236150134665","Timestamp":1399120236150136523,"Replicated":false}
{"Key":"ping~indispenso-seed:8011","Value":"1399120236150134665","Timestamp":1399120236150894041,"Replicated":true}
{"Key":"ping~Robins-MacBook-Pro.local:8011","Value":"1399120236153276431","Timestamp":1399120236153279535,"Replicated":false}
{"Key":"ping~Robins-MacBook-Pro.local:8011","Value":"1399120236153276431","Timestamp":1399120236154284952,"Replicated":true}
{"Key":"ping~Robins-MacBook-Pro.local:8013","Value":"1399120236156149777","Timestamp":1399120236156806068,"Replicated":true}
{"Key":"ping~Robins-MacBook-Pro.local:8013","Value":"1399120236156149777","Timestamp":1399120236156698115,"Replicated":true}
{"Key":"my_key","Value":"test","Timestamp":1399120238461322187,"Replicated":false}
{"Key":"my_key","Value":"test","Timestamp":1399120238467832253,"Replicated":true}
{"Key":"my_key","Value":"test","Timestamp":1399120239352338459,"Replicated":false}
{"Key":"my_key","Value":"test","Timestamp":1399120239359030503,"Replicated":true}
{"Key":"my_key","Value":"test","Timestamp":1399120240302093822,"Replicated":false}
{"Key":"my_key","Value":"test","Timestamp":1399120240302591928,"Replicated":true}
{"Key":"my_key","Value":"test","Timestamp":1399120241359495537,"Replicated":false}
{"Key":"my_key","Value":"test","Timestamp":1399120241359930730,"Replicated":true}
{"Key":"ping~indispenso-seed:8011","Value":"1399120245463358131","Timestamp":1399120245463360699,"Replicated":false}
{"Key":"ping~indispenso-seed:8011","Value":"1399120245463358131","Timestamp":1399120245463995248,"Replicated":true}
{"Key":"ping~Robins-MacBook-Pro.local:8013","Value":"1399120245464914692","Timestamp":1399120245465349769,"Replicated":true}
{"Key":"ping~Robins-MacBook-Pro.local:8013","Value":"1399120245464914692","Timestamp":1399120245465432344,"Replicated":true}
{"Key":"ping~Robins-MacBook-Pro.local:8011","Value":"1399120245466255231","Timestamp":1399120245466256275,"Replicated":false}
{"Key":"ping~Robins-MacBook-Pro.local:8011","Value":"1399120245466255231","Timestamp":1399120245466621021,"Replicated":true}
{"Key":"ping~indispenso-seed:8011","Value":"1399120246149961332","Timestamp":1399120246149963963,"Replicated":false}
{"Key":"ping~indispenso-seed:8011","Value":"1399120246149961332","Timestamp":1399120246150548142,"Replicated":true}
{"Key":"ping~Robins-MacBook-Pro.local:8011","Value":"1399120246151630037","Timestamp":1399120246151631213,"Replicated":false}
{"Key":"ping~Robins-MacBook-Pro.local:8011","Value":"1399120246151630037","Timestamp":1399120246152105802,"Replicated":true}
{"Key":"ping~Robins-MacBook-Pro.local:8013","Value":"1399120246153074767","Timestamp":1399120246153535863,"Replicated":true}
{"Key":"ping~Robins-MacBook-Pro.local:8013","Value":"1399120246153074767","Timestamp":1399120246153624932,"Replicated":true}
{"Key":"ping~indispenso-seed:8011","Value":"1399120255463453801","Timestamp":1399120255463456058,"Replicated":false}
{"Key":"ping~indispenso-seed:8011","Value":"1399120255463453801","Timestamp":1399120255470793248,"Replicated":true}
{"Key":"ping~Robins-MacBook-Pro.local:8013","Value":"1399120255472037118","Timestamp":1399120255472405729,"Replicated":true}
{"Key":"ping~Robins-MacBook-Pro.local:8013","Value":"1399120255472037118","Timestamp":1399120255472490893,"Replicated":true}
{"Key":"ping~Robins-MacBook-Pro.local:8011","Value":"1399120255473274309","Timestamp":1399120255473275487,"Replicated":false}
{"Key":"ping~Robins-MacBook-Pro.local:8011","Value":"1399120255473274309","Timestamp":1399120255473708232,"Replicated":true}
{"Key":"ping~indispenso-seed:8011","Value":"1399120256150208365","Timestamp":1399120256150210649,"Replicated":false}
{"Key":"ping~indispenso-seed:8011","Value":"1399120256150208365","Timestamp":1399120256156895341,"Replicated":true}
{"Key":"ping~Robins-MacBook-Pro.local:8011","Value":"1399120256158413372","Timestamp":1399120256158414720,"Replicated":false}
{"Key":"ping~Robins-MacBook-Pro.local:8011","Value":"1399120256158413372","Timestamp":1399120256158844569,"Replicated":true}
{"Key":"ping~Robins-MacBook-Pro.local:8013","Value":"1399120256159839384","Timestamp":1399120256160289200,"Replicated":true}
{"Key":"ping~Robins-MacBook-Pro.local:8013","Value":"1399120256159839384","Timestamp":1399120256160393516,"Replicated":true}
{"Key":"ping~indispenso-seed:8011","Value":"1399120265462654711","Timestamp":1399120265462656958,"Replicated":false}
{"Key":"ping~indispenso-seed:8011","Value":"1399120265462654711","Timestamp":1399120265463300276,"Replicated":true}
{"Key":"ping~Robins-MacBook-Pro.local:8013","Value":"1399120265464354277","Timestamp":1399120265464920508,"Replicated":true}
{"Key":"ping~Robins-MacBook-Pro.local:8013","Value":"1399120265464354277","Timestamp":1399120265464813479,"Replicated":true}
{"Key":"ping~Robins-MacBook-Pro.local:8011","Value":"1399120265465827660","Timestamp":1399120265465828896,"Replicated":false}
{"Key":"ping~Robins-MacBook-Pro.local:8011","Value":"1399120265465827660","Timestamp":1399120265466213203,"Replicated":true}
{"Key":"ping~indispenso-seed:8011","Value":"1399120266150128933","Timestamp":1399120266150130901,"Replicated":false}
{"Key":"ping~indispenso-seed:8011","Value":"1399120266150128933","Timestamp":1399120266156856180,"Replicated":true}
{"Key":"ping~Robins-MacBook-Pro.local:8011","Value":"1399120266158248174","Timestamp":1399120266158249178,"Replicated":false}
{"Key":"ping~Robins-MacBook-Pro.local:8011","Value":"1399120266158248174","Timestamp":1399120266158639545,"Replicated":true}
{"Key":"ping~Robins-MacBook-Pro.local:8013","Value":"1399120266159406621","Timestamp":1399120266159820874,"Replicated":true}
{"Key":"ping~Robins-MacBook-Pro.local:8013","Value":"1399120266159406621","Timestamp":1399120266159905156,"Replicated":true}
{"Key":"ping~indispenso-seed:8011","Value":"1399120275462892423","Timestamp":1399120275462894617,"Replicated":false}
{"Key":"ping~indispenso-seed:8011","Value":"1399120275462892423","Timestamp":1399120275469708289,"Replicated":true}
{"Key":"ping~Robins-MacBook-Pro.local:8013","Value":"1399120275470837398","Timestamp":1399120275471449023,"Replicated":true}
{"Key":"ping~Robins-MacBook-Pro.local:8013","Value":"1399120275470837398","Timestamp":1399120275471550607,"Replicated":true}
{"Key":"ping~Robins-MacBook-Pro.local:8011","Value":"1399120275472492140","Timestamp":1399120275472493798,"Replicated":false}
{"Key":"ping~Robins-MacBook-Pro.local:8011","Value":"1399120275472492140","Timestamp":1399120275472946447,"Replicated":true}
{"Key":"ping~indispenso-seed:8011","Value":"1399120276149843595","Timestamp":1399120276149845076,"Replicated":false}
{"Key":"ping~indispenso-seed:8011","Value":"1399120276149843595","Timestamp":1399120276156464355,"Replicated":true}
{"Key":"ping~Robins-MacBook-Pro.local:8011","Value":"1399120276157518206","Timestamp":1399120276157519450,"Replicated":false}
{"Key":"ping~Robins-MacBook-Pro.local:8011","Value":"1399120276157518206","Timestamp":1399120276157926523,"Replicated":true}
{"Key":"ping~Robins-MacBook-Pro.local:8013","Value":"1399120276158619937","Timestamp":1399120276158909504,"Replicated":true}
{"Key":"ping~Robins-MacBook-Pro.local:8013","Value":"1399120276158619937","Timestamp":1399120276158987572,"Replicated":true}
{"Key":"ping~indispenso-seed:8011","Value":"1399120285463595133","Timestamp":1399120285463597361,"Replicated":false}
{"Key":"ping~indispenso-seed:8011","Value":"1399120285463595133","Timestamp":1399120285464143561,"Replicated":true}
{"Key":"ping~Robins-MacBook-Pro.local:8013","Value":"1399120285465099020","Timestamp":1399120285465637631,"Replicated":true}
{"Key":"ping~Robins-MacBook-Pro.local:8013","Value":"1399120285465099020","Timestamp":1399120285465723278,"Replicated":true}
{"Key":"ping~Robins-MacBook-Pro.local:8011","Value":"1399120285466633938","Timestamp":1399120285466635659,"Replicated":false}
{"Key":"ping~Robins-MacBook-Pro.local:8011","Value":"1399120285466633938","Timestamp":1399120285467108447,"Replicated":true}
{"Key":"ping~indispenso-seed:8011","Value":"1399120286150213178","Timestamp":1399120286150216327,"Replicated":false}
{"Key":"ping~indispenso-seed:8011","Value":"1399120286150213178","Timestamp":1399120286156984185,"Replicated":true}
{"Key":"ping~Robins-MacBook-Pro.local:8011","Value":"1399120286158520458","Timestamp":1399120286158521723,"Replicated":false}
{"Key":"ping~Robins-MacBook-Pro.local:8011","Value":"1399120286158520458","Timestamp":1399120286158966138,"Replicated":true}
{"Key":"ping~Robins-MacBook-Pro.local:8013","Value":"1399120286159829867","Timestamp":1399120286160696761,"Replicated":true}
{"Key":"ping~Robins-MacBook-Pro.local:8013","Value":"1399120286159829867","Timestamp":1399120286160781640,"Replicated":true}
{"Key":"ping~indispenso-seed:8011","Value":"1399120295462993865","Timestamp":1399120295462997700,"Replicated":false}
{"Key":"ping~indispenso-seed:8011","Value":"1399120295462993865","Timestamp":1399120295469640048,"Replicated":true}
{"Key":"ping~Robins-MacBook-Pro.local:8013","Value":"1399120295471036643","Timestamp":1399120295471486325,"Replicated":true}
{"Key":"ping~Robins-MacBook-Pro.local:8013","Value":"1399120295471036643","Timestamp":1399120295471582763,"Replicated":true}
{"Key":"ping~Robins-MacBook-Pro.local:8011","Value":"1399120295472439292","Timestamp":1399120295472440740,"Replicated":false}
{"Key":"ping~Robins-MacBook-Pro.local:8011","Value":"1399120295472439292","Timestamp":1399120295472975862,"Replicated":true}
{"Key":"ping~indispenso-seed:8011","Value":"1399120296150176614","Timestamp":1399120296150179116,"Replicated":false}
{"Key":"ping~indispenso-seed:8011","Value":"1399120296150176614","Timestamp":1399120296157009363,"Replicated":true}
{"Key":"ping~Robins-MacBook-Pro.local:8011","Value":"1399120296158677774","Timestamp":1399120296158679164,"Replicated":false}
{"Key":"ping~Robins-MacBook-Pro.local:8011","Value":"1399120296158677774","Timestamp":1399120296159156371,"Replicated":true}
{"Key":"ping~Robins-MacBook-Pro.local:8013","Value":"1399120296160072126","Timestamp":1399120296160458297,"Replicated":true}
{"Key":"ping~Robins-MacBook-Pro.local:8013","Value":"1399120296160072126","Timestamp":1399120296160543419,"Replicated":true}
{"Key":"ping~indispenso-seed:8011","Value":"1399120305463489329","Timestamp":1399120305463491748,"Replicated":false}
{"Key":"ping~indispenso-seed:8011","Value":"1399120305463489329","Timestamp":1399120305464070183,"Replicated":true}
{"Key":"ping~Robins-MacBook-Pro.local:8013","Value":"1399120305464991097","Timestamp":1399120305465445391,"Replicated":true}
{"Key":"ping~Robins-MacBook-Pro.local:8013","Value":"1399120305464991097","Timestamp":1399120305465534671,"Replicated":true}
{"Key":"ping~Robins-MacBook-Pro.local:8011","Value":"1399120305466466080","Timestamp":1399120305466467219,"Replicated":false}
{"Key":"ping~Robins-MacBook-Pro.local:8011","Value":"1399120305466466080","Timestamp":1399120305466907273,"Replicated":true}
{"Key":"ping~indispenso-seed:8011","Value":"1399120306150280817","Timestamp":1399120306150283432,"Replicated":false}
{"Key":"ping~indispenso-seed:8011","Value":"1399120306150280817","Timestamp":1399120306150703533,"Replicated":true}
{"Key":"ping~Robins-MacBook-Pro.local:8011","Value":"1399120306151505055","Timestamp":1399120306151505785,"Replicated":false}
{"Key":"ping~Robins-MacBook-Pro.local:8011","Value":"1399120306151505055","Timestamp":1399120306151820877,"Replicated":true}
{"Key":"ping~Robins-MacBook-Pro.local:8013","Value":"1399120306152437861","Timestamp":1399120306152733592,"Replicated":true}
{"Key":"ping~Robins-MacBook-Pro.local:8013","Value":"1399120306152437861","Timestamp":1399120306152803342,"Replicated":true}
{"Key":"ping~indispenso-seed:8011","Value":"1399120315463337487","Timestamp":1399120315463340528,"Replicated":false}
{"Key":"ping~indispenso-seed:8011","Value":"1399120315463337487","Timestamp":1399120315464312404,"Replicated":true}
{"Key":"ping~Robins-MacBook-Pro.local:8013","Value":"1399120315465036889","Timestamp":1399120315465436725,"Replicated":true}
{"Key":"ping~Robins-MacBook-Pro.local:8013","Value":"1399120315465036889","Timestamp":1399120315465516404,"Replicated":true}
{"Key":"ping~Robins-MacBook-Pro.local:8011","Value":"1399120315466147168","Timestamp":1399120315466147939,"Replicated":false}
{"Key":"ping~Robins-MacBook-Pro.local:8011","Value":"1399120315466147168","Timestamp":1399120315466520010,"Replicated":true}
{"Key":"ping~indispenso-seed:8011","Value":"1399120316149093091","Timestamp":1399120316149095009,"Replicated":false}
{"Key":"ping~indispenso-seed:8011","Value":"1399120316149093091","Timestamp":1399120316155934029,"Replicated":true}
{"Key":"ping~Robins-MacBook-Pro.local:8011","Value":"1399120316157584374","Timestamp":1399120316157586016,"Replicated":false}
{"Key":"ping~Robins-MacBook-Pro.local:8011","Value":"1399120316157584374","Timestamp":1399120316158045995,"Replicated":true}
{"Key":"ping~Robins-MacBook-Pro.local:8013","Value":"1399120316158970215","Timestamp":1399120316159414679,"Replicated":true}
{"Key":"ping~Robins-MacBook-Pro.local:8013","Value":"1399120316158970215","Timestamp":1399120316159500454,"Replicated":true}
{"Key":"ping~indispenso-seed:8011","Value":"1399120325463114536","Timestamp":1399120325463117260,"Replicated":false}
{"Key":"ping~indispenso-seed:8011","Value":"1399120325463114536","Timestamp":1399120325463699738,"Replicated":true}
{"Key":"ping~Robins-MacBook-Pro.local:8013","Value":"1399120325464670037","Timestamp":1399120325465191230,"Replicated":true}
{"Key":"ping~Robins-MacBook-Pro.local:8013","Value":"1399120325464670037","Timestamp":1399120325465323033,"Replicated":true}
{"Key":"ping~Robins-MacBook-Pro.local:8011","Value":"1399120325466061085","Timestamp":1399120325466062202,"Replicated":false}
{"Key":"ping~Robins-MacBook-Pro.local:8011","Value":"1399120325466061085","Timestamp":1399120325466516974,"Replicated":true}
{"Key":"ping~indispenso-seed:8011","Value":"1399120326150243355","Timestamp":1399120326150246303,"Replicated":false}
{"Key":"ping~indispenso-seed:8011","Value":"1399120326150243355","Timestamp":1399120326157044459,"Replicated":true}
{"Key":"ping~Robins-MacBook-Pro.local:8011","Value":"1399120326158528895","Timestamp":1399120326158530856,"Replicated":false}
{"Key":"ping~Robins-MacBook-Pro.local:8011","Value":"1399120326158528895","Timestamp":1399120326158999913,"Replicated":true}
{"Key":"ping~Robins-MacBook-Pro.local:8013","Value":"1399120326159849011","Timestamp":1399120326160240964,"Replicated":true}
{"Key":"ping~Robins-MacBook-Pro.local:8013","Value":"1399120326159849011","Timestamp":1399120326160324048,"Replicated":true}
{"Key":"ping~indispenso-seed:8011","Value":"1399120335463434976","Timestamp":1399120335463437333,"Replicated":false}
{"Key":"ping~indispenso-seed:8011","Value":"1399120335463434976","Timestamp":1399120335470209805,"Replicated":true}
{"Key":"ping~Robins-MacBook-Pro.local:8013","Value":"1399120335471608353","Timestamp":1399120335472092109,"Replicated":true}
{"Key":"ping~Robins-MacBook-Pro.local:8013","Value":"1399120335471608353","Timestamp":1399120335472187281,"Replicated":true}
{"Key":"ping~Robins-MacBook-Pro.local:8011","Value":"1399120335473073382","Timestamp":1399120335473080360,"Replicated":false}
{"Key":"ping~Robins-MacBook-Pro.local:8011","Value":"1399120335473073382","Timestamp":1399120335473596710,"Replicated":true}
{"Key":"ping~indispenso-seed:8011","Value":"1399120336150119577","Timestamp":1399120336150121922,"Replicated":false}
{"Key":"ping~indispenso-seed:8011","Value":"1399120336150119577","Timestamp":1399120336156914602,"Replicated":true}
{"Key":"ping~Robins-MacBook-Pro.local:8011","Value":"1399120336158483764","Timestamp":1399120336158485134,"Replicated":false}
{"Key":"ping~Robins-MacBook-Pro.local:8011","Value":"1399120336158483764","Timestamp":1399120336158935334,"Replicated":true}
{"Key":"ping~Robins-MacBook-Pro.local:8013","Value":"1399120336159858126","Timestamp":1399120336160293014,"Replicated":true}
{"Key":"ping~Robins-MacBook-Pro.local:8013","Value":"1399120336159858126","Timestamp":1399120336160400803,"Replicated":true}
{"Key":"ping~indispenso-seed:8011","Value":"1399120345462415847","Timestamp":1399120345462417491,"Replicated":false}
{"Key":"ping~indispenso-seed:8011","Value":"1399120345462415847","Timestamp":1399120345463316084,"Replicated":true}
{"Key":"ping~Robins-MacBook-Pro.local:8013","Value":"1399120345463984519","Timestamp":1399120345464320662,"Replicated":true}
{"Key":"ping~Robins-MacBook-Pro.local:8013","Value":"1399120345463984519","Timestamp":1399120345464380786,"Replicated":true}
{"Key":"ping~Robins-MacBook-Pro.local:8011","Value":"1399120345464996047","Timestamp":1399120345464996710,"Replicated":false}
{"Key":"ping~Robins-MacBook-Pro.local:8011","Value":"1399120345464996047","Timestamp":1399120345465314894,"Replicated":true}
{"Key":"ping~indispenso-seed:8011","Value":"1399120346150085921","Timestamp":1399120346150089753,"Replicated":false}
{"Key":"ping~indispenso-seed:8011","Value":"1399120346150085921","Timestamp":1399120346150748540,"Replicated":true}
{"Key":"ping~Robins-MacBook-Pro.local:8011","Value":"1399120346152191220","Timestamp":1399120346152193833,"Replicated":false}
{"Key":"ping~Robins-MacBook-Pro.local:8011","Value":"1399120346152191220","Timestamp":1399120346152823925,"Replicated":true}
{"Key":"ping~Robins-MacBook-Pro.local:8013","Value":"1399120346153917899","Timestamp":1399120346154443736,"Replicated":true}
{"Key":"ping~Robins-MacBook-Pro.local:8013","Value":"1399120346153917899","Timestamp":1399120346154522916,"Replicated":true}
{"Key":"ping~indispenso-seed:8011","Value":"1399120367268511836","Timestamp":1399120367268528797,"Replicated":false}
{"Key":"ping~indispenso-seed:8011","Value":"1399120367268511836","Timestamp":1399120367276468283,"Replicated":true}
{"Key":"ping~Robins-MacBook-Pro.local:8011","Value":"1399120367277473329","Timestamp":1399120367277475506,"Replicated":false}
{"Key":"ping~Robins-MacBook-Pro.local:8011","Value":"1399120367277473329","Timestamp":1399120367278485486,"Replicated":true}
{"Key":"my_key","Value":"test","Timestamp":1399120371873680408,"Replicated":false}
{"Key":"my_key","Value":"test","Timestamp":1399120371880431539,"Replicated":true}
{"Key":"ping~indispenso-seed:8011","Value":"1399120375463078170","Timestamp":1399120375463082897,"Replicated":false}
{"Key":"ping~indispenso-seed:8011","Value":"1399120375463078170","Timestamp":1399120375464984390,"Replicated":true}
{"Key":"ping~Robins-MacBook-Pro.local:8013","Value":"1399120375465809628","Timestamp":1399120375466225036,"Replicated":true}
{"Key":"ping~indispenso-seed:8011","Value":"1399120377271001673","Timestamp":1399120377271004209,"Replicated":false}
{"Key":"ping~indispenso-seed:8011","Value":"1399120377271001673","Timestamp":1399120377277949415,"Replicated":true}
{"Key":"ping~Robins-MacBook-Pro.local:8011","Value":"1399120377279623722","Timestamp":1399120377279624969,"Replicated":false}
{"Key":"ping~Robins-MacBook-Pro.local:8011","Value":"1399120377279623722","Timestamp":1399120377280102549,"Replicated":true}
{"Key":"ping~Robins-MacBook-Pro.local:8013","Value":"1399120377280934988","Timestamp":1399120377282429890,"Replicated":true}
{"Key":"ping~Robins-MacBook-Pro.local:8013","Value":"1399120377280934988","Timestamp":1399120377282317036,"Replicated":true}
{"Key":"ping~indispenso-seed:8011","Value":"1399120385462684813","Timestamp":1399120385462686852,"Replicated":false}
{"Key":"ping~indispenso-seed:8011","Value":"1399120385462684813","Timestamp":1399120385463175652,"Replicated":true}
{"Key":"ping~Robins-MacBook-Pro.local:8013","Value":"1399120385463911362","Timestamp":1399120385464235359,"Replicated":true}
{"Key":"ping~Robins-MacBook-Pro.local:8013","Value":"1399120385463911362","Timestamp":1399120385464314972,"Replicated":true}
{"Key":"ping~Robins-MacBook-Pro.local:8011","Value":"1399120385464916684","Timestamp":1399120385464918064,"Replicated":false}
{"Key":"ping~Robins-MacBook-Pro.local:8011","Value":"1399120385464916684","Timestamp":1399120385465286635,"Replicated":true}
{"Key":"my_key","Value":"test","Timestamp":1399120385762450710,"Replicated":false}
{"Key":"my_key","Value":"test","Timestamp":1399120385762890546,"Replicated":true}
{"Key":"my_key","Value":"test","Timestamp":1399120385981060431,"Replicated":false}
{"Key":"my_key","Value":"test","Timestamp":1399120385986273306,"Replicated":true}
{"Key":"my_key","Value":"test","Timestamp":1399120386178952049,"Replicated":false}
{"Key":"my_key","Value":"test","Timestamp":1399120386179446443,"Replicated":true}
{"Key":"my_key","Value":"test","Timestamp":1399120386358355520,"Replicated":false}
{"Key":"my_key","Value":"test","Timestamp":1399120386358790504,"Replicated":true}
{"Key":"ping~indispenso-seed:8011","Value":"1399120387271047846","Timestamp":1399120387271050558,"Replicated":false}
{"Key":"ping~indispenso-seed:8011","Value":"1399120387271047846","Timestamp":1399120387277561080,"Replicated":true}
{"Key":"ping~Robins-MacBook-Pro.local:8011","Value":"1399120387278636302","Timestamp":1399120387278638179,"Replicated":false}
{"Key":"ping~Robins-MacBook-Pro.local:8011","Value":"1399120387278636302","Timestamp":1399120387279041057,"Replicated":true}
{"Key":"ping~Robins-MacBook-Pro.local:8013","Value":"1399120387279756026","Timestamp":1399120387280126466,"Replicated":true}
{"Key":"ping~Robins-MacBook-Pro.local:8013","Value":"1399120387279756026","Timestamp":1399120387280212617,"Replicated":true}
{"Key":"ping~indispenso-seed:8011","Value":"1399120397269947786","Timestamp":1399120397269950007,"Replicated":false}
{"Key":"ping~indispenso-seed:8011","Value":"1399120397269947786","Timestamp":1399120397276597183,"Replicated":true}
{"Key":"ping~Robins-MacBook-Pro.local:8011","Value":"1399120397277924713","Timestamp":1399120397277925864,"Replicated":false}
{"Key":"ping~Robins-MacBook-Pro.local:8011","Value":"1399120397277924713","Timestamp":1399120397278426193,"Replicated":true}
{"Key":"ping~indispenso-seed:8011","Value":"1399120399413108633","Timestamp":1399120399413126689,"Replicated":false}
{"Key":"ping~indispenso-seed:8011","Value":"1399120399413108633","Timestamp":1399120399420741842,"Replicated":true}
{"Key":"ping~Robins-MacBook-Pro.local:8013","Value":"1399120399422706728","Timestamp":1399120399423593458,"Replicated":true}
{"Key":"ping~Robins-MacBook-Pro.local:8013","Value":"1399120399422706728","Timestamp":1399120399424112963,"Replicated":true}
{"Key":"ping~indispenso-seed:8011","Value":"1399120407270830286","Timestamp":1399120407270832527,"Replicated":false}
{"Key":"ping~indispenso-seed:8011","Value":"1399120407270830286","Timestamp":1399120407271398360,"Replicated":true}
{"Key":"ping~Robins-MacBook-Pro.local:8011","Value":"1399120407272375975","Timestamp":1399120407272377481,"Replicated":false}
{"Key":"ping~Robins-MacBook-Pro.local:8011","Value":"1399120407272375975","Timestamp":1399120407273138301,"Replicated":true}
{"Key":"ping~Robins-MacBook-Pro.local:8013","Value":"1399120407274840429","Timestamp":1399120407275336348,"Replicated":true}
{"Key":"ping~Robins-MacBook-Pro.local:8013","Value":"1399120407274840429","Timestamp":1399120407275950488,"Replicated":true}
{"Key":"ping~indispenso-seed:8011","Value":"1399120409416020844","Timestamp":1399120409416023282,"Replicated":false}
{"Key":"ping~indispenso-seed:8011","Value":"1399120409416020844","Timestamp":1399120409422634166,"Replicated":true}
{"Key":"ping~Robins-MacBook-Pro.local:8013","Value":"1399120409424073089","Timestamp":1399120409424515420,"Replicated":true}
{"Key":"ping~Robins-MacBook-Pro.local:8013","Value":"1399120409424073089","Timestamp":1399120409425024474,"Replicated":true}
{"Key":"ping~Robins-MacBook-Pro.local:8011","Value":"1399120409425461795","Timestamp":1399120409425464651,"Replicated":false}
{"Key":"ping~Robins-MacBook-Pro.local:8011","Value":"1399120409425461795","Timestamp":1399120409426150537,"Replicated":true}
{"Key":"ping~indispenso-seed:8011","Value":"1399120417271302989","Timestamp":1399120417271304947,"Replicated":false}
{"Key":"ping~indispenso-seed:8011","Value":"1399120417271302989","Timestamp":1399120417278140743,"Replicated":true}
{"Key":"ping~Robins-MacBook-Pro.local:8011","Value":"1399120417279586018","Timestamp":1399120417279587315,"Replicated":false}
{"Key":"ping~Robins-MacBook-Pro.local:8011","Value":"1399120417279586018","Timestamp":1399120417280054966,"Replicated":true}
{"Key":"ping~Robins-MacBook-Pro.local:8013","Value":"1399120417280813601","Timestamp":1399120417281187914,"Replicated":true}
{"Key":"ping~Robins-MacBook-Pro.local:8013","Value":"1399120417280813601","Timestamp":1399120417281674575,"Replicated":true}
{"Key":"ping~indispenso-seed:8011","Value":"1399120419414543795","Timestamp":1399120419414546565,"Replicated":false}
{"Key":"ping~indispenso-seed:8011","Value":"1399120419414543795","Timestamp":1399120419421304721,"Replicated":true}
{"Key":"ping~Robins-MacBook-Pro.local:8013","Value":"1399120419422673893","Timestamp":1399120419423046761,"Replicated":true}
{"Key":"ping~Robins-MacBook-Pro.local:8013","Value":"1399120419422673893","Timestamp":1399120419423486755,"Replicated":true}
{"Key":"ping~Robins-MacBook-Pro.local:8011","Value":"1399120419423914614","Timestamp":1399120419423915670,"Replicated":false}
{"Key":"ping~Robins-MacBook-Pro.local:8011","Value":"1399120419423914614","Timestamp":1399120419424339193,"Replicated":true}
{"Key":"ping~indispenso-seed:8011","Value":"1399120427270879606","Timestamp":1399120427270882850,"Replicated":false}
{"Key":"ping~indispenso-seed:8011","Value":"1399120427270879606","Timestamp":1399120427271513588,"Replicated":true}
{"Key":"ping~Robins-MacBook-Pro.local:8011","Value":"1399120427272429109","Timestamp":1399120427272430377,"Replicated":false}
{"Key":"ping~Robins-MacBook-Pro.local:8011","Value":"1399120427272429109","Timestamp":1399120427272938399,"Replicated":true}
{"Key":"ping~Robins-MacBook-Pro.local:8013","Value":"1399120427273731330","Timestamp":1399120427274147434,"Replicated":true}
{"Key":"ping~Robins-MacBook-Pro.local:8013","Value":"1399120427273731330","Timestamp":1399120427274591026,"Replicated":true}
{"Key":"ping~indispenso-seed:8011","Value":"1399120429415286032","Timestamp":1399120429415287455,"Replicated":false}
{"Key":"ping~indispenso-seed:8011","Value":"1399120429415286032","Timestamp":1399120429415745472,"Replicated":true}
{"Key":"ping~Robins-MacBook-Pro.local:8013","Value":"1399120429416440371","Timestamp":1399120429416744390,"Replicated":true}
{"Key":"ping~Robins-MacBook-Pro.local:8013","Value":"1399120429416440371","Timestamp":1399120429417107984,"Replicated":true}
{"Key":"ping~Robins-MacBook-Pro.local:8011","Value":"1399120429417399384","Timestamp":1399120429417400339,"Replicated":false}
{"Key":"ping~Robins-MacBook-Pro.local:8011","Value":"1399120429417399384","Timestamp":1399120429417757448,"Replicated":true}
{"Key":"ping~indispenso-seed:8011","Value":"1399120437271045046","Timestamp":1399120437271047017,"Replicated":false}
{"Key":"ping~indispenso-seed:8011","Value":"1399120437271045046","Timestamp":1399120437271671692,"Replicated":true}
{"Key":"ping~Robins-MacBook-Pro.local:8011","Value":"1399120437272635828","Timestamp":1399120437272637244,"Replicated":false}
{"Key":"ping~Robins-MacBook-Pro.local:8011","Value":"1399120437272635828","Timestamp":1399120437273902940,"Replicated":true}
{"Key":"ping~Robins-MacBook-Pro.local:8013","Value":"1399120437274082383","Timestamp":1399120437274502941,"Replicated":true}
{"Key":"ping~Robins-MacBook-Pro.local:8013","Value":"1399120437274082383","Timestamp":1399120437275019079,"Replicated":true}
{"Key":"ping~indispenso-seed:8011","Value":"1399120439415399589","Timestamp":1399120439415401393,"Replicated":false}
{"Key":"ping~indispenso-seed:8011","Value":"1399120439415399589","Timestamp":1399120439422230890,"Replicated":true}
{"Key":"ping~Robins-MacBook-Pro.local:8013","Value":"1399120439423740582","Timestamp":1399120439424215624,"Replicated":true}
{"Key":"ping~Robins-MacBook-Pro.local:8013","Value":"1399120439423740582","Timestamp":1399120439424783271,"Replicated":true}
{"Key":"ping~Robins-MacBook-Pro.local:8011","Value":"1399120439424967099","Timestamp":1399120439424968479,"Replicated":false}
{"Key":"ping~Robins-MacBook-Pro.local:8011","Value":"1399120439424967099","Timestamp":1399120439425598309,"Replicated":true}
{"Key":"ping~indispenso-seed:8011","Value":"1399120447270124370","Timestamp":1399120447270126152,"Replicated":false}
{"Key":"ping~indispenso-seed:8011","Value":"1399120447270124370","Timestamp":1399120447270730195,"Replicated":true}
{"Key":"ping~Robins-MacBook-Pro.local:8011","Value":"1399120447271622706","Timestamp":1399120447271623999,"Replicated":false}
{"Key":"ping~Robins-MacBook-Pro.local:8011","Value":"1399120447271622706","Timestamp":1399120447272731950,"Replicated":true}
{"Key":"ping~Robins-MacBook-Pro.local:8013","Value":"1399120447273844526","Timestamp":1399120447274240688,"Replicated":true}
{"Key":"ping~Robins-MacBook-Pro.local:8013","Value":"1399120447273844526","Timestamp":1399120447274778970,"Replicated":true}
{"Key":"ping~indispenso-seed:8011","Value":"1399120449415283873","Timestamp":1399120449415285463,"Replicated":false}
{"Key":"ping~indispenso-seed:8011","Value":"1399120449415283873","Timestamp":1399120449421909897,"Replicated":true}
{"Key":"ping~Robins-MacBook-Pro.local:8013","Value":"1399120449422997619","Timestamp":1399120449423336695,"Replicated":true}
{"Key":"ping~Robins-MacBook-Pro.local:8013","Value":"1399120449422997619","Timestamp":1399120449423684295,"Replicated":true}
{"Key":"ping~Robins-MacBook-Pro.local:8011","Value":"1399120449423938566","Timestamp":1399120449423939443,"Replicated":false}
{"Key":"ping~Robins-MacBook-Pro.local:8011","Value":"1399120449423938566","Timestamp":1399120449424323919,"Replicated":true}
{"Key":"ping~indispenso-seed:8011","Value":"1399120457271175450","Timestamp":1399120457271177269,"Replicated":false}
{"Key":"ping~indispenso-seed:8011","Value":"1399120457271175450","Timestamp":1399120457278009337,"Replicated":true}
{"Key":"ping~Robins-MacBook-Pro.local:8011","Value":"1399120457279507448","Timestamp":1399120457279508816,"Replicated":false}
{"Key":"ping~Robins-MacBook-Pro.local:8011","Value":"1399120457279507448","Timestamp":1399120457279955000,"Replicated":true}
{"Key":"ping~Robins-MacBook-Pro.local:8013","Value":"1399120457280783494","Timestamp":1399120457281204972,"Replicated":true}
{"Key":"ping~Robins-MacBook-Pro.local:8013","Value":"1399120457280783494","Timestamp":1399120457281635815,"Replicated":true}
{"Key":"ping~indispenso-seed:8011","Value":"1399120459415146634","Timestamp":1399120459415149845,"Replicated":false}
{"Key":"ping~indispenso-seed:8011","Value":"1399120459415146634","Timestamp":1399120459415861385,"Replicated":true}
{"Key":"ping~Robins-MacBook-Pro.local:8013","Value":"1399120459416673430","Timestamp":1399120459416985199,"Replicated":true}
{"Key":"ping~Robins-MacBook-Pro.local:8013","Value":"1399120459416673430","Timestamp":1399120459417350379,"Replicated":true}
{"Key":"ping~Robins-MacBook-Pro.local:8011","Value":"1399120459417613505","Timestamp":1399120459417614490,"Replicated":false}
{"Key":"ping~Robins-MacBook-Pro.local:8011","Value":"1399120459417613505","Timestamp":1399120459417939188,"Replicated":true}
{"Key":"ping~indispenso-seed:8011","Value":"1399120467269998914","Timestamp":1399120467270001592,"Replicated":false}
{"Key":"ping~indispenso-seed:8011","Value":"1399120467269998914","Timestamp":1399120467270563417,"Replicated":true}
{"Key":"ping~Robins-MacBook-Pro.local:8011","Value":"1399120467271564042","Timestamp":1399120467271565206,"Replicated":false}
{"Key":"ping~Robins-MacBook-Pro.local:8011","Value":"1399120467271564042","Timestamp":1399120467272091543,"Replicated":true}
{"Key":"ping~Robins-MacBook-Pro.local:8013","Value":"1399120467272921261","Timestamp":1399120467273326255,"Replicated":true}
{"Key":"ping~Robins-MacBook-Pro.local:8013","Value":"1399120467272921261","Timestamp":1399120467273799897,"Replicated":true}
{"Key":"ping~indispenso-seed:8011","Value":"1399120469415667490","Timestamp":1399120469415669490,"Replicated":false}
{"Key":"ping~indispenso-seed:8011","Value":"1399120469415667490","Timestamp":1399120469422442931,"Replicated":true}
{"Key":"ping~Robins-MacBook-Pro.local:8013","Value":"1399120469423672530","Timestamp":1399120469424088839,"Replicated":true}
{"Key":"ping~Robins-MacBook-Pro.local:8013","Value":"1399120469423672530","Timestamp":1399120469424693050,"Replicated":true}
{"Key":"ping~Robins-MacBook-Pro.local:8011","Value":"1399120469424888802","Timestamp":1399120469424890340,"Replicated":false}
{"Key":"ping~Robins-MacBook-Pro.local:8011","Value":"1399120469424888802","Timestamp":1399120469425312446,"Replicated":true}
{"Key":"ping~indispenso-seed:8011","Value":"1399120477270796562","Timestamp":1399120477270800037,"Replicated":false}
{"Key":"ping~indispenso-seed:8011","Value":"1399120477270796562","Timestamp":1399120477277580078,"Replicated":true}
{"Key":"ping~Robins-MacBook-Pro.local:8011","Value":"1399120477279026032","Timestamp":1399120477279027273,"Replicated":false}
{"Key":"ping~Robins-MacBook-Pro.local:8011","Value":"1399120477279026032","Timestamp":1399120477279462147,"Replicated":true}
{"Key":"ping~Robins-MacBook-Pro.local:8013","Value":"1399120477280231611","Timestamp":1399120477280633194,"Replicated":true}
{"Key":"ping~Robins-MacBook-Pro.local:8013","Value":"1399120477280231611","Timestamp":1399120477281023696,"Replicated":true}
{"Key":"ping~indispenso-seed:8011","Value":"1399120479415099727","Timestamp":1399120479415101763,"Replicated":false}
{"Key":"ping~indispenso-seed:8011","Value":"1399120479415099727","Timestamp":1399120479421913546,"Replicated":true}
{"Key":"ping~Robins-MacBook-Pro.local:8013","Value":"1399120479423352111","Timestamp":1399120479423755504,"Replicated":true}
{"Key":"ping~Robins-MacBook-Pro.local:8013","Value":"1399120479423352111","Timestamp":1399120479424245589,"Replicated":true}
{"Key":"ping~Robins-MacBook-Pro.local:8011","Value":"1399120479424681728","Timestamp":1399120479424683328,"Replicated":false}
{"Key":"ping~Robins-MacBook-Pro.local:8011","Value":"1399120479424681728","Timestamp":1399120479425166324,"Replicated":true}
{"Key":"ping~indispenso-seed:8011","Value":"1399120487270492926","Timestamp":1399120487270494678,"Replicated":false}
{"Key":"ping~indispenso-seed:8011","Value":"1399120487270492926","Timestamp":1399120487277303334,"Replicated":true}
{"Key":"ping~Robins-MacBook-Pro.local:8011","Value":"1399120487278678739","Timestamp":1399120487278680301,"Replicated":false}
{"Key":"ping~Robins-MacBook-Pro.local:8011","Value":"1399120487278678739","Timestamp":1399120487279152227,"Replicated":true}
{"Key":"ping~Robins-MacBook-Pro.local:8013","Value":"1399120487279946520","Timestamp":1399120487280331331,"Replicated":true}
{"Key":"ping~Robins-MacBook-Pro.local:8013","Value":"1399120487279946520","Timestamp":1399120487280860234,"Replicated":true}
{"Key":"ping~indispenso-seed:8011","Value":"1399120489415409740","Timestamp":1399120489415412696,"Replicated":false}
{"Key":"ping~indispenso-seed:8011","Value":"1399120489415409740","Timestamp":1399120489421933198,"Replicated":true}
{"Key":"ping~Robins-MacBook-Pro.local:8013","Value":"1399120489422575217","Timestamp":1399120489422933756,"Replicated":true}
{"Key":"ping~Robins-MacBook-Pro.local:8011","Value":"1399120489423698759","Timestamp":1399120489423699755,"Replicated":false}
{"Key":"ping~Robins-MacBook-Pro.local:8013","Value":"1399120489422575217","Timestamp":1399120489423889012,"Replicated":true}
{"Key":"ping~Robins-MacBook-Pro.local:8011","Value":"1399120489423698759","Timestamp":1399120489424174073,"Replicated":true}
{"Key":"ping~indispenso-seed:8011","Value":"1399120640722527366","Timestamp":1399120640722537069,"Replicated":false}
{"Key":"ping~indispenso-seed:8011","Value":"1399120640722527366","Timestamp":1399120640730764048,"Replicated":true}
{"Key":"ping~Robins-MacBook-Pro.local:8011","Value":"1399120640731693241","Timestamp":1399120640731696448,"Replicated":false}
{"Key":"ping~Robins-MacBook-Pro.local:8011","Value":"1399120640731693241","Timestamp":1399120640732887540,"Replicated":true}
{"Key":"ping~indispenso-seed:8011","Value":"1399120649072257330","Timestamp":1399120649072279785,"Replicated":false}
{"Key":"ping~indispenso-seed:8011","Value":"1399120649072257330","Timestamp":1399120649079875734,"Replicated":true}
{"Key":"ping~Robins-MacBook-Pro.local:8013","Value":"1399120649080588259","Timestamp":1399120649083282153,"Replicated":true}
{"Key":"ping~Robins-MacBook-Pro.local:8013","Value":"1399120649080588259","Timestamp":1399120649083771478,"Replicated":true}
{"Key":"ping~indispenso-seed:8011","Value":"1399120650725008914","Timestamp":1399120650725010977,"Replicated":false}
{"Key":"ping~indispenso-seed:8011","Value":"1399120650725008914","Timestamp":1399120650732050588,"Replicated":true}
{"Key":"ping~Robins-MacBook-Pro.local:8011","Value":"1399120650733600184","Timestamp":1399120650733601681,"Replicated":false}
{"Key":"ping~Robins-MacBook-Pro.local:8011","Value":"1399120650733600184","Timestamp":1399120650734001092,"Replicated":true}
{"Key":"ping~Robins-MacBook-Pro.local:8013","Value":"1399120650734727875","Timestamp":1399120650735276226,"Replicated":true}
{"Key":"ping~Robins-MacBook-Pro.local:8013","Value":"1399120650734727875","Timestamp":1399120650736589096,"Replicated":true}
{"Key":"ping~indispenso-seed:8011","Value":"1399121048490046812","Timestamp":1399121048490063609,"Replicated":false}
{"Key":"ping~indispenso-seed:8011","Value":"1399121048490046812","Timestamp":1399121048497344733,"Replicated":true}
{"Key":"ping~Robins-MacBook-Pro.local:8011","Value":"1399121048498196780","Timestamp":1399121048498199372,"Replicated":false}
{"Key":"ping~Robins-MacBook-Pro.local:8011","Value":"1399121048498196780","Timestamp":1399121048499007579,"Replicated":true}
{"Key":"ping~indispenso-seed:8011","Value":"1399121049074655469","Timestamp":1399121049074658457,"Replicated":false}
{"Key":"ping~indispenso-seed:8011","Value":"1399121049074655469","Timestamp":1399121049081825906,"Replicated":true}
{"Key":"ping~Robins-MacBook-Pro.local:8013","Value":"1399121049082650706","Timestamp":1399121049083244670,"Replicated":true}
{"Key":"ping~Robins-MacBook-Pro.local:8013","Value":"1399121049082650706","Timestamp":1399121049083894465,"Replicated":true}
{"Key":"ping~indispenso-seed:8011","Value":"1399121058492480566","Timestamp":1399121058492482779,"Replicated":false}
{"Key":"ping~indispenso-seed:8011","Value":"1399121058492480566","Timestamp":1399121058499216335,"Replicated":true}
{"Key":"ping~Robins-MacBook-Pro.local:8011","Value":"1399121058500770510","Timestamp":1399121058500771353,"Replicated":false}
{"Key":"ping~Robins-MacBook-Pro.local:8011","Value":"1399121058500770510","Timestamp":1399121058501289129,"Replicated":true}
{"Key":"ping~Robins-MacBook-Pro.local:8013","Value":"1399121058502254208","Timestamp":1399121058502856033,"Replicated":true}
{"Key":"ping~Robins-MacBook-Pro.local:8013","Value":"1399121058502254208","Timestamp":1399121058503870112,"Replicated":true}
{"Key":"ping~indispenso-seed:8011","Value":"1399121059074196046","Timestamp":1399121059074198026,"Replicated":false}
{"Key":"ping~indispenso-seed:8011","Value":"1399121059074196046","Timestamp":1399121059080994526,"Replicated":true}
{"Key":"ping~Robins-MacBook-Pro.local:8013","Value":"1399121059082256334","Timestamp":1399121059082612813,"Replicated":true}
{"Key":"ping~Robins-MacBook-Pro.local:8013","Value":"1399121059082256334","Timestamp":1399121059083191347,"Replicated":true}
{"Key":"ping~Robins-MacBook-Pro.local:8011","Value":"1399121059083317387","Timestamp":1399121059083318778,"Replicated":false}
{"Key":"ping~Robins-MacBook-Pro.local:8011","Value":"1399121059083317387","Timestamp":1399121059083937580,"Replicated":true}
{"Key":"ping~indispenso-seed:8011","Value":"1399121068492628048","Timestamp":1399121068492630931,"Replicated":false}
{"Key":"ping~indispenso-seed:8011","Value":"1399121068492628048","Timestamp":1399121068499368178,"Replicated":true}
{"Key":"ping~Robins-MacBook-Pro.local:8011","Value":"1399121068500962152","Timestamp":1399121068500963549,"Replicated":false}
{"Key":"ping~Robins-MacBook-Pro.local:8011","Value":"1399121068500962152","Timestamp":1399121068501428903,"Replicated":true}
{"Key":"ping~Robins-MacBook-Pro.local:8013","Value":"1399121068502327535","Timestamp":1399121068502780149,"Replicated":true}
{"Key":"ping~Robins-MacBook-Pro.local:8013","Value":"1399121068502327535","Timestamp":1399121068503189628,"Replicated":true}
{"Key":"ping~indispenso-seed:8011","Value":"1399121069073636053","Timestamp":1399121069073637976,"Replicated":false}
{"Key":"ping~indispenso-seed:8011","Value":"1399121069073636053","Timestamp":1399121069080250459,"Replicated":true}
{"Key":"ping~Robins-MacBook-Pro.local:8013","Value":"1399121069081331086","Timestamp":1399121069081716656,"Replicated":true}
{"Key":"ping~Robins-MacBook-Pro.local:8013","Value":"1399121069081331086","Timestamp":1399121069082199534,"Replicated":true}
{"Key":"ping~Robins-MacBook-Pro.local:8011","Value":"1399121069082642974","Timestamp":1399121069082644161,"Replicated":false}
{"Key":"ping~Robins-MacBook-Pro.local:8011","Value":"1399121069082642974","Timestamp":1399121069083103511,"Replicated":true}
{"Key":"ping~indispenso-seed:8011","Value":"1399121078491334924","Timestamp":1399121078491337524,"Replicated":false}
{"Key":"ping~indispenso-seed:8011","Value":"1399121078491334924","Timestamp":1399121078497819510,"Replicated":true}
{"Key":"ping~Robins-MacBook-Pro.local:8011","Value":"1399121078498907343","Timestamp":1399121078498908600,"Replicated":false}
{"Key":"ping~Robins-MacBook-Pro.local:8011","Value":"1399121078498907343","Timestamp":1399121078499299811,"Replicated":true}
{"Key":"ping~Robins-MacBook-Pro.local:8013","Value":"1399121078500068411","Timestamp":1399121078500421240,"Replicated":true}
{"Key":"ping~Robins-MacBook-Pro.local:8013","Value":"1399121078500068411","Timestamp":1399121078500815727,"Replicated":true}
{"Key":"ping~indispenso-seed:8011","Value":"1399121079073630944","Timestamp":1399121079073632457,"Replicated":false}
{"Key":"ping~indispenso-seed:8011","Value":"1399121079073630944","Timestamp":1399121079074201026,"Replicated":true}
{"Key":"ping~Robins-MacBook-Pro.local:8013","Value":"1399121079075013388","Timestamp":1399121079075327511,"Replicated":true}
{"Key":"ping~Robins-MacBook-Pro.local:8013","Value":"1399121079075013388","Timestamp":1399121079075759469,"Replicated":true}
{"Key":"ping~Robins-MacBook-Pro.local:8011","Value":"1399121079075854311","Timestamp":1399121079075854950,"Replicated":false}
{"Key":"ping~Robins-MacBook-Pro.local:8011","Value":"1399121079075854311","Timestamp":1399121079076191687,"Replicated":true}
{"Key":"ping~indispenso-seed:8011","Value":"1399121088492227966","Timestamp":1399121088492229941,"Replicated":false}
{"Key":"ping~indispenso-seed:8011","Value":"1399121088492227966","Timestamp":1399121088498869519,"Replicated":true}
{"Key":"ping~Robins-MacBook-Pro.local:8011","Value":"1399121088500055346","Timestamp":1399121088500056237,"Replicated":false}
{"Key":"ping~Robins-MacBook-Pro.local:8011","Value":"1399121088500055346","Timestamp":1399121088500472403,"Replicated":true}
{"Key":"ping~Robins-MacBook-Pro.local:8013","Value":"1399121088501124128","Timestamp":1399121088501456493,"Replicated":true}
{"Key":"ping~Robins-MacBook-Pro.local:8013","Value":"1399121088501124128","Timestamp":1399121088501793498,"Replicated":true}
{"Key":"ping~indispenso-seed:8011","Value":"1399121089074606102","Timestamp":1399121089074608017,"Replicated":false}
{"Key":"ping~indispenso-seed:8011","Value":"1399121089074606102","Timestamp":1399121089081410485,"Replicated":true}
{"Key":"ping~Robins-MacBook-Pro.local:8013","Value":"1399121089082834947","Timestamp":1399121089083264272,"Replicated":true}
{"Key":"ping~Robins-MacBook-Pro.local:8013","Value":"1399121089082834947","Timestamp":1399121089083768157,"Replicated":true}
{"Key":"ping~Robins-MacBook-Pro.local:8011","Value":"1399121089084149193","Timestamp":1399121089084150496,"Replicated":false}
{"Key":"ping~Robins-MacBook-Pro.local:8011","Value":"1399121089084149193","Timestamp":1399121089084587548,"Replicated":true}
{"Key":"ping~indispenso-seed:8011","Value":"1399121098491486698","Timestamp":1399121098491488629,"Replicated":false}
{"Key":"ping~indispenso-seed:8011","Value":"1399121098491486698","Timestamp":1399121098498394915,"Replicated":true}
{"Key":"ping~Robins-MacBook-Pro.local:8011","Value":"1399121098500094962","Timestamp":1399121098500095600,"Replicated":false}
{"Key":"ping~Robins-MacBook-Pro.local:8011","Value":"1399121098500094962","Timestamp":1399121098500510019,"Replicated":true}
{"Key":"ping~Robins-MacBook-Pro.local:8013","Value":"1399121098502241799","Timestamp":1399121098502695021,"Replicated":true}
{"Key":"ping~Robins-MacBook-Pro.local:8013","Value":"1399121098502241799","Timestamp":1399121098503131422,"Replicated":true}
{"Key":"ping~indispenso-seed:8011","Value":"1399121099074817886","Timestamp":1399121099074819670,"Replicated":false}
{"Key":"ping~indispenso-seed:8011","Value":"1399121099074817886","Timestamp":1399121099081530161,"Replicated":true}
{"Key":"ping~Robins-MacBook-Pro.local:8013","Value":"1399121099082975744","Timestamp":1399121099083403435,"Replicated":true}
{"Key":"ping~Robins-MacBook-Pro.local:8013","Value":"1399121099082975744","Timestamp":1399121099083940292,"Replicated":true}
{"Key":"ping~Robins-MacBook-Pro.local:8011","Value":"1399121099084340689","Timestamp":1399121099084341995,"Replicated":false}
{"Key":"ping~Robins-MacBook-Pro.local:8011","Value":"1399121099084340689","Timestamp":1399121099084733286,"Replicated":true}
{"Key":"ping~indispenso-seed:8011","Value":"1399121108492073237","Timestamp":1399121108492075261,"Replicated":false}
{"Key":"ping~indispenso-seed:8011","Value":"1399121108492073237","Timestamp":1399121108498871009,"Replicated":true}
{"Key":"ping~Robins-MacBook-Pro.local:8011","Value":"1399121108500363442","Timestamp":1399121108500364284,"Replicated":false}
{"Key":"ping~Robins-MacBook-Pro.local:8011","Value":"1399121108500363442","Timestamp":1399121108500824344,"Replicated":true}
{"Key":"ping~Robins-MacBook-Pro.local:8013","Value":"1399121108501625406","Timestamp":1399121108502050471,"Replicated":true}
{"Key":"ping~Robins-MacBook-Pro.local:8013","Value":"1399121108501625406","Timestamp":1399121108502515592,"Replicated":true}
{"Key":"ping~indispenso-seed:8011","Value":"1399121109073910739","Timestamp":1399121109073912620,"Replicated":false}
{"Key":"ping~indispenso-seed:8011","Value":"1399121109073910739","Timestamp":1399121109080553600,"Replicated":true}
{"Key":"ping~Robins-MacBook-Pro.local:8013","Value":"1399121109081685068","Timestamp":1399121109081991611,"Replicated":true}
{"Key":"ping~Robins-MacBook-Pro.local:8013","Value":"1399121109081685068","Timestamp":1399121109082364895,"Replicated":true}
{"Key":"ping~Robins-MacBook-Pro.local:8011","Value":"1399121109082647800","Timestamp":1399121109082649187,"Replicated":false}
{"Key":"ping~Robins-MacBook-Pro.local:8011","Value":"1399121109082647800","Timestamp":1399121109083002363,"Replicated":true}
{"Key":"ping~indispenso-seed:8011","Value":"1399121118491362561","Timestamp":1399121118491364728,"Replicated":false}
{"Key":"ping~indispenso-seed:8011","Value":"1399121118491362561","Timestamp":1399121118498076864,"Replicated":true}
{"Key":"ping~Robins-MacBook-Pro.local:8011","Value":"1399121118499378682","Timestamp":1399121118499379786,"Replicated":false}
{"Key":"ping~Robins-MacBook-Pro.local:8011","Value":"1399121118499378682","Timestamp":1399121118499842747,"Replicated":true}
{"Key":"ping~Robins-MacBook-Pro.local:8013","Value":"1399121118500794865","Timestamp":1399121118501187940,"Replicated":true}
{"Key":"ping~Robins-MacBook-Pro.local:8013","Value":"1399121118500794865","Timestamp":1399121118501609469,"Replicated":true}
{"Key":"ping~indispenso-seed:8011","Value":"1399121119074756996","Timestamp":1399121119074758962,"Replicated":false}
{"Key":"ping~indispenso-seed:8011","Value":"1399121119074756996","Timestamp":1399121119081532528,"Replicated":true}
{"Key":"ping~Robins-MacBook-Pro.local:8013","Value":"1399121119082894005","Timestamp":1399121119083417335,"Replicated":true}
{"Key":"ping~Robins-MacBook-Pro.local:8013","Value":"1399121119082894005","Timestamp":1399121119083951339,"Replicated":true}
{"Key":"ping~Robins-MacBook-Pro.local:8011","Value":"1399121119084394241","Timestamp":1399121119084395796,"Replicated":false}
{"Key":"ping~Robins-MacBook-Pro.local:8011","Value":"1399121119084394241","Timestamp":1399121119084875640,"Replicated":true}
{"Key":"ping~indispenso-seed:8011","Value":"1399121128492725831","Timestamp":1399121128492728001,"Replicated":false}
{"Key":"ping~indispenso-seed:8011","Value":"1399121128492725831","Timestamp":1399121128499282946,"Replicated":true}
{"Key":"ping~Robins-MacBook-Pro.local:8011","Value":"1399121128500547211","Timestamp":1399121128500548427,"Replicated":false}
{"Key":"ping~Robins-MacBook-Pro.local:8011","Value":"1399121128500547211","Timestamp":1399121128501004985,"Replicated":true}
{"Key":"ping~Robins-MacBook-Pro.local:8013","Value":"1399121128501839854","Timestamp":1399121128502216668,"Replicated":true}
{"Key":"ping~Robins-MacBook-Pro.local:8013","Value":"1399121128501839854","Timestamp":1399121128502601753,"Replicated":true}
{"Key":"ping~indispenso-seed:8011","Value":"1399121129074508710","Timestamp":1399121129074510783,"Replicated":false}
{"Key":"ping~indispenso-seed:8011","Value":"1399121129074508710","Timestamp":1399121129081197191,"Replicated":true}
{"Key":"ping~Robins-MacBook-Pro.local:8013","Value":"1399121129082414861","Timestamp":1399121129082844942,"Replicated":true}
{"Key":"ping~Robins-MacBook-Pro.local:8013","Value":"1399121129082414861","Timestamp":1399121129083368292,"Replicated":true}
{"Key":"ping~Robins-MacBook-Pro.local:8011","Value":"1399121129083777203","Timestamp":1399121129083778957,"Replicated":false}
{"Key":"ping~Robins-MacBook-Pro.local:8011","Value":"1399121129083777203","Timestamp":1399121129084220054,"Replicated":true}
{"Key":"ping~indispenso-seed:8011","Value":"1399121138492612430","Timestamp":1399121138492614591,"Replicated":false}
{"Key":"ping~indispenso-seed:8011","Value":"1399121138492612430","Timestamp":1399121138499464442,"Replicated":true}
{"Key":"ping~Robins-MacBook-Pro.local:8011","Value":"1399121138501094816","Timestamp":1399121138501097739,"Replicated":false}
{"Key":"ping~Robins-MacBook-Pro.local:8011","Value":"1399121138501094816","Timestamp":1399121138501686484,"Replicated":true}
{"Key":"ping~Robins-MacBook-Pro.local:8013","Value":"1399121138502706931","Timestamp":1399121138503067963,"Replicated":true}
{"Key":"ping~Robins-MacBook-Pro.local:8013","Value":"1399121138502706931","Timestamp":1399121138503492554,"Replicated":true}
{"Key":"ping~indispenso-seed:8011","Value":"1399121139074187652","Timestamp":1399121139074189490,"Replicated":false}
{"Key":"ping~indispenso-seed:8011","Value":"1399121139074187652","Timestamp":1399121139074629964,"Replicated":true}
{"Key":"ping~Robins-MacBook-Pro.local:8013","Value":"1399121139075342482","Timestamp":1399121139075872801,"Replicated":true}
{"Key":"ping~Robins-MacBook-Pro.local:8013","Value":"1399121139075342482","Timestamp":1399121139076294473,"Replicated":true}
{"Key":"ping~Robins-MacBook-Pro.local:8011","Value":"1399121139076559786","Timestamp":1399121139076560881,"Replicated":false}
{"Key":"ping~Robins-MacBook-Pro.local:8011","Value":"1399121139076559786","Timestamp":1399121139076930056,"Replicated":true}
{"Key":"ping~indispenso-seed:8011","Value":"1399121148492177278","Timestamp":1399121148492178700,"Replicated":false}
{"Key":"ping~indispenso-seed:8011","Value":"1399121148492177278","Timestamp":1399121148498638402,"Replicated":true}
{"Key":"ping~Robins-MacBook-Pro.local:8011","Value":"1399121148499639935","Timestamp":1399121148499640804,"Replicated":false}
{"Key":"ping~Robins-MacBook-Pro.local:8011","Value":"1399121148499639935","Timestamp":1399121148499958938,"Replicated":true}
{"Key":"ping~Robins-MacBook-Pro.local:8013","Value":"1399121148500577735","Timestamp":1399121148500931474,"Replicated":true}
{"Key":"ping~Robins-MacBook-Pro.local:8013","Value":"1399121148500577735","Timestamp":1399121148501356868,"Replicated":true}
{"Key":"ping~indispenso-seed:8011","Value":"1399121149073799359","Timestamp":1399121149073801683,"Replicated":false}
{"Key":"ping~indispenso-seed:8011","Value":"1399121149073799359","Timestamp":1399121149080584306,"Replicated":true}
{"Key":"ping~Robins-MacBook-Pro.local:8013","Value":"1399121149082098920","Timestamp":1399121149082568753,"Replicated":true}
{"Key":"ping~Robins-MacBook-Pro.local:8013","Value":"1399121149082098920","Timestamp":1399121149083073392,"Replicated":true}
{"Key":"ping~Robins-MacBook-Pro.local:8011","Value":"1399121149083474774","Timestamp":1399121149083476236,"Replicated":false}
{"Key":"ping~Robins-MacBook-Pro.local:8011","Value":"1399121149083474774","Timestamp":1399121149083995117,"Replicated":true}
{"Key":"ping~indispenso-seed:8011","Value":"1399121158492297771","Timestamp":1399121158492299657,"Replicated":false}
{"Key":"ping~indispenso-seed:8011","Value":"1399121158492297771","Timestamp":1399121158499694225,"Replicated":true}
{"Key":"ping~Robins-MacBook-Pro.local:8011","Value":"1399121158501164389","Timestamp":1399121158501165761,"Replicated":false}
{"Key":"ping~Robins-MacBook-Pro.local:8011","Value":"1399121158501164389","Timestamp":1399121158501638860,"Replicated":true}
{"Key":"ping~Robins-MacBook-Pro.local:8013","Value":"1399121158502461981","Timestamp":1399121158503009542,"Replicated":true}
{"Key":"ping~Robins-MacBook-Pro.local:8013","Value":"1399121158502461981","Timestamp":1399121158503482100,"Replicated":true}
{"Key":"ping~indispenso-seed:8011","Value":"1399121159074679631","Timestamp":1399121159074681929,"Replicated":false}
{"Key":"ping~indispenso-seed:8011","Value":"1399121159074679631","Timestamp":1399121159081563314,"Replicated":true}
{"Key":"ping~Robins-MacBook-Pro.local:8013","Value":"1399121159083112541","Timestamp":1399121159083539225,"Replicated":true}
{"Key":"ping~Robins-MacBook-Pro.local:8013","Value":"1399121159083112541","Timestamp":1399121159084026108,"Replicated":true}
{"Key":"ping~Robins-MacBook-Pro.local:8011","Value":"1399121159084371782","Timestamp":1399121159084373012,"Replicated":false}
{"Key":"ping~Robins-MacBook-Pro.local:8011","Value":"1399121159084371782","Timestamp":1399121159084847888,"Replicated":true}
{"Key":"ping~indispenso-seed:8011","Value":"1399121168492572339","Timestamp":1399121168492575700,"Replicated":false}
{"Key":"ping~indispenso-seed:8011","Value":"1399121168492572339","Timestamp":1399121168499304925,"Replicated":true}
{"Key":"ping~Robins-MacBook-Pro.local:8011","Value":"1399121168500818279","Timestamp":1399121168500819564,"Replicated":false}
{"Key":"ping~Robins-MacBook-Pro.local:8011","Value":"1399121168500818279","Timestamp":1399121168501339376,"Replicated":true}
{"Key":"ping~Robins-MacBook-Pro.local:8013","Value":"1399121168502266762","Timestamp":1399121168502713311,"Replicated":true}
{"Key":"ping~Robins-MacBook-Pro.local:8013","Value":"1399121168502266762","Timestamp":1399121168503199605,"Replicated":true}
{"Key":"ping~indispenso-seed:8011","Value":"1399121169074740777","Timestamp":1399121169074742866,"Replicated":false}
{"Key":"ping~indispenso-seed:8011","Value":"1399121169074740777","Timestamp":1399121169081458586,"Replicated":true}
{"Key":"ping~Robins-MacBook-Pro.local:8013","Value":"1399121169082831636","Timestamp":1399121169083282573,"Replicated":true}
{"Key":"ping~Robins-MacBook-Pro.local:8013","Value":"1399121169082831636","Timestamp":1399121169083925535,"Replicated":true}
{"Key":"ping~Robins-MacBook-Pro.local:8011","Value":"1399121169084378446","Timestamp":1399121169084380000,"Replicated":false}
{"Key":"ping~Robins-MacBook-Pro.local:8011","Value":"1399121169084378446","Timestamp":1399121169084850199,"Replicated":true}
{"Key":"ping~indispenso-seed:8011","Value":"1399121175395316281","Timestamp":1399121175395366307,"Replicated":false}
{"Key":"ping~indispenso-seed:8011","Value":"1399121175395316281","Timestamp":1399121175398987597,"Replicated":true}
{"Key":"ping~Robins-MacBook-Pro.local:8011","Value":"1399121175400044864","Timestamp":1399121175400046119,"Replicated":false}
{"Key":"ping~Robins-MacBook-Pro.local:8011","Value":"1399121175400044864","Timestamp":1399121175402104721,"Replicated":true}
{"Key":"ping~indispenso-seed:8011","Value":"1399121179074576428","Timestamp":1399121179074578608,"Replicated":false}
{"Key":"ping~indispenso-seed:8011","Value":"1399121179074576428","Timestamp":1399121179075691966,"Replicated":true}
{"Key":"ping~Robins-MacBook-Pro.local:8013","Value":"1399121179076544563","Timestamp":1399121179077052001,"Replicated":true}
{"Key":"ping~indispenso-seed:8011","Value":"1399121185398294740","Timestamp":1399121185398297132,"Replicated":false}
{"Key":"ping~indispenso-seed:8011","Value":"1399121185398294740","Timestamp":1399121185405019090,"Replicated":true}
{"Key":"ping~Robins-MacBook-Pro.local:8011","Value":"1399121185406357896","Timestamp":1399121185406360483,"Replicated":false}
{"Key":"ping~Robins-MacBook-Pro.local:8011","Value":"1399121185406357896","Timestamp":1399121185406753333,"Replicated":true}
{"Key":"ping~indispenso-seed:8011","Value":"1399121189074199371","Timestamp":1399121189074201239,"Replicated":false}
{"Key":"ping~indispenso-seed:8011","Value":"1399121189074199371","Timestamp":1399121189081496940,"Replicated":true}
{"Key":"ping~Robins-MacBook-Pro.local:8013","Value":"1399121189082718743","Timestamp":1399121189083286318,"Replicated":true}
{"Key":"ping~indispenso-seed:8011","Value":"1399121195396777755","Timestamp":1399121195396780013,"Replicated":false}
{"Key":"ping~indispenso-seed:8011","Value":"1399121195396777755","Timestamp":1399121195403556952,"Replicated":true}
{"Key":"ping~Robins-MacBook-Pro.local:8011","Value":"1399121195404926369","Timestamp":1399121195404927827,"Replicated":false}
{"Key":"ping~Robins-MacBook-Pro.local:8011","Value":"1399121195404926369","Timestamp":1399121195405358296,"Replicated":true}
{"Key":"ping~indispenso-seed:8011","Value":"1399121199074072665","Timestamp":1399121199074074741,"Replicated":false}
{"Key":"ping~indispenso-seed:8011","Value":"1399121199074072665","Timestamp":1399121199080949738,"Replicated":true}
{"Key":"ping~Robins-MacBook-Pro.local:8013","Value":"1399121199082244508","Timestamp":1399121199082738577,"Replicated":true}
{"Key":"ping~indispenso-seed:8011","Value":"1399121205397434224","Timestamp":1399121205397436084,"Replicated":false}
{"Key":"ping~indispenso-seed:8011","Value":"1399121205397434224","Timestamp":1399121205404202910,"Replicated":true}
{"Key":"ping~Robins-MacBook-Pro.local:8011","Value":"1399121205405605131","Timestamp":1399121205405606595,"Replicated":false}
{"Key":"ping~Robins-MacBook-Pro.local:8011","Value":"1399121205405605131","Timestamp":1399121205406201559,"Replicated":true}
{"Key":"ping~indispenso-seed:8011","Value":"1399121220260209204","Timestamp":1399121220260216774,"Replicated":false}
{"Key":"ping~indispenso-seed:8011","Value":"1399121220260209204","Timestamp":1399121220268065350,"Replicated":true}
{"Key":"ping~Robins-MacBook-Pro.local:8011","Value":"1399121220268954205","Timestamp":1399121220268955411,"Replicated":false}
{"Key":"ping~Robins-MacBook-Pro.local:8011","Value":"1399121220268954205","Timestamp":1399121220269830345,"Replicated":true}
{"Key":"ping~indispenso-seed:8011","Value":"1399121224504489172","Timestamp":1399121224504507499,"Replicated":false}
{"Key":"ping~indispenso-seed:8011","Value":"1399121224504489172","Timestamp":1399121224512009781,"Replicated":true}
{"Key":"ping~Robins-MacBook-Pro.local:8013","Value":"1399121224512805660","Timestamp":1399121224515285566,"Replicated":true}
{"Key":"ping~Robins-MacBook-Pro.local:8013","Value":"1399121224512805660","Timestamp":1399121224515957357,"Replicated":true}
{"Key":"ping~indispenso-seed:8011","Value":"1399121279693732918","Timestamp":1399121279693738399,"Replicated":false}
{"Key":"ping~indispenso-seed:8011","Value":"1399121279693732918","Timestamp":1399121279701486480,"Replicated":true}
{"Key":"ping~Robins-MacBook-Pro.local:8011","Value":"1399121279702526079","Timestamp":1399121279702527350,"Replicated":false}
{"Key":"ping~Robins-MacBook-Pro.local:8011","Value":"1399121279702526079","Timestamp":1399121279703381049,"Replicated":true}
{"Key":"ping~indispenso-seed:8011","Value":"1399121284506754356","Timestamp":1399121284506759055,"Replicated":false}
{"Key":"ping~indispenso-seed:8011","Value":"1399121284506754356","Timestamp":1399121284513987843,"Replicated":true}
{"Key":"ping~Robins-MacBook-Pro.local:8013","Value":"1399121284514807165","Timestamp":1399121284515399109,"Replicated":true}
{"Key":"ping~Robins-MacBook-Pro.local:8013","Value":"1399121284514807165","Timestamp":1399121284516645775,"Replicated":true}
{"Key":"ping~indispenso-seed:8011","Value":"1399121428269501520","Timestamp":1399121428269509324,"Replicated":false}
{"Key":"ping~indispenso-seed:8011","Value":"1399121428269501520","Timestamp":1399121428277303774,"Replicated":true}
{"Key":"ping~Robins-MacBook-Pro.local:8011","Value":"1399121428278318354","Timestamp":1399121428278320543,"Replicated":false}
{"Key":"ping~Robins-MacBook-Pro.local:8011","Value":"1399121428278318354","Timestamp":1399121428279502312,"Replicated":true}
{"Key":"ping~indispenso-seed:8011","Value":"1399121532801421220","Timestamp":1399121532801428137,"Replicated":false}
{"Key":"ping~indispenso-seed:8011","Value":"1399121532801421220","Timestamp":1399121532803687475,"Replicated":true}
{"Key":"ping~Robins-MacBook-Pro.local:8011","Value":"1399121532805016445","Timestamp":1399121532805017941,"Replicated":false}
{"Key":"ping~Robins-MacBook-Pro.local:8011","Value":"1399121532805016445","Timestamp":1399121532806324016,"Replicated":true}
{"Key":"ping~indispenso-seed:8011","Value":"1399121534507234277","Timestamp":1399121534507240061,"Replicated":false}
{"Key":"ping~indispenso-seed:8011","Value":"1399121534507234277","Timestamp":1399121534514664834,"Replicated":true}
{"Key":"ping~Robins-MacBook-Pro.local:8013","Value":"1399121534515606797","Timestamp":1399121534516176165,"Replicated":true}
{"Key":"ping~Robins-MacBook-Pro.local:8013","Value":"1399121534515606797","Timestamp":1399121534516905911,"Replicated":true}
{"Key":"ping~indispenso-seed:8011","Value":"1399121938839687938","Timestamp":1399121938839695858,"Replicated":false}
{"Key":"ping~indispenso-seed:8011","Value":"1399121938839687938","Timestamp":1399121938847639497,"Replicated":true}
{"Key":"ping~Robins-MacBook-Pro.local:8011","Value":"1399121938848504299","Timestamp":1399121938848505842,"Replicated":false}
{"Key":"ping~Robins-MacBook-Pro.local:8011","Value":"1399121938848504299","Timestamp":1399121938849428922,"Replicated":true}
{"Key":"ping~indispenso-seed:8011","Value":"1399121943451524978","Timestamp":1399121943451536744,"Replicated":false}
{"Key":"ping~indispenso-seed:8011","Value":"1399121943451524978","Timestamp":1399121943458957270,"Replicated":true}
{"Key":"ping~Robins-MacBook-Pro.local:8013","Value":"1399121943460014067","Timestamp":1399121943462183692,"Replicated":true}
{"Key":"ping~Robins-MacBook-Pro.local:8013","Value":"1399121943460014067","Timestamp":1399121943462782518,"Replicated":true}
{"Key":"ping~indispenso-seed:8011","Value":"1399121948841927347","Timestamp":1399121948841929330,"Replicated":false}
{"Key":"ping~indispenso-seed:8011","Value":"1399121948841927347","Timestamp":1399121948847561073,"Replicated":true}
{"Key":"ping~Robins-MacBook-Pro.local:8011","Value":"1399121948849057980","Timestamp":1399121948849059206,"Replicated":false}
{"Key":"ping~Robins-MacBook-Pro.local:8011","Value":"1399121948849057980","Timestamp":1399121948849515573,"Replicated":true}
{"Key":"ping~Robins-MacBook-Pro.local:8013","Value":"1399121948850376126","Timestamp":1399121948851750431,"Replicated":true}
{"Key":"ping~Robins-MacBook-Pro.local:8013","Value":"1399121948850376126","Timestamp":1399121948852475158,"Replicated":true}
{"Key":"ping~indispenso-seed:8011","Value":"1399121953453805094","Timestamp":1399121953453807297,"Replicated":false}
{"Key":"ping~indispenso-seed:8011","Value":"1399121953453805094","Timestamp":1399121953459408627,"Replicated":true}
{"Key":"ping~Robins-MacBook-Pro.local:8013","Value":"1399121953460725963","Timestamp":1399121953461151741,"Replicated":true}
{"Key":"ping~Robins-MacBook-Pro.local:8013","Value":"1399121953460725963","Timestamp":1399121953461591641,"Replicated":true}
{"Key":"ping~Robins-MacBook-Pro.local:8011","Value":"1399121953461917609","Timestamp":1399121953461920958,"Replicated":false}
{"Key":"ping~Robins-MacBook-Pro.local:8011","Value":"1399121953461917609","Timestamp":1399121953462592844,"Replicated":true}
{"Key":"ping~indispenso-seed:8011","Value":"1399121958841855953","Timestamp":1399121958841857819,"Replicated":false}
{"Key":"ping~indispenso-seed:8011","Value":"1399121958841855953","Timestamp":1399121958847275978,"Replicated":true}
{"Key":"ping~Robins-MacBook-Pro.local:8011","Value":"1399121958848616406","Timestamp":1399121958848617692,"Replicated":false}
{"Key":"ping~Robins-MacBook-Pro.local:8011","Value":"1399121958848616406","Timestamp":1399121958849079457,"Replicated":true}
{"Key":"ping~Robins-MacBook-Pro.local:8013","Value":"1399121958849846713","Timestamp":1399121958850354150,"Replicated":true}
{"Key":"ping~Robins-MacBook-Pro.local:8013","Value":"1399121958849846713","Timestamp":1399121958850806874,"Replicated":true}
{"Key":"ping~indispenso-seed:8011","Value":"1399121963453180272","Timestamp":1399121963453182652,"Replicated":false}
{"Key":"ping~indispenso-seed:8011","Value":"1399121963453180272","Timestamp":1399121963458523264,"Replicated":true}
{"Key":"ping~Robins-MacBook-Pro.local:8013","Value":"1399121963459474799","Timestamp":1399121963459779984,"Replicated":true}
{"Key":"ping~Robins-MacBook-Pro.local:8013","Value":"1399121963459474799","Timestamp":1399121963460241145,"Replicated":true}
{"Key":"ping~Robins-MacBook-Pro.local:8011","Value":"1399121963460353933","Timestamp":1399121963460354666,"Replicated":false}
{"Key":"ping~Robins-MacBook-Pro.local:8011","Value":"1399121963460353933","Timestamp":1399121963460714879,"Replicated":true}
{"Key":"ping~indispenso-seed:8011","Value":"1399121968840895075","Timestamp":1399121968840897125,"Replicated":false}
{"Key":"ping~indispenso-seed:8011","Value":"1399121968840895075","Timestamp":1399121968846277687,"Replicated":true}
{"Key":"ping~Robins-MacBook-Pro.local:8011","Value":"1399121968847327639","Timestamp":1399121968847329093,"Replicated":false}
{"Key":"ping~Robins-MacBook-Pro.local:8011","Value":"1399121968847327639","Timestamp":1399121968847840505,"Replicated":true}
{"Key":"ping~Robins-MacBook-Pro.local:8013","Value":"1399121968848810882","Timestamp":1399121968849440747,"Replicated":true}
{"Key":"ping~Robins-MacBook-Pro.local:8013","Value":"1399121968848810882","Timestamp":1399121968849902116,"Replicated":true}
{"Key":"ping~indispenso-seed:8011","Value":"1399121973453637720","Timestamp":1399121973453639904,"Replicated":false}
{"Key":"ping~indispenso-seed:8011","Value":"1399121973453637720","Timestamp":1399121973459204344,"Replicated":true}
{"Key":"ping~Robins-MacBook-Pro.local:8013","Value":"1399121973460605511","Timestamp":1399121973461015387,"Replicated":true}
{"Key":"ping~Robins-MacBook-Pro.local:8013","Value":"1399121973460605511","Timestamp":1399121973462382627,"Replicated":true}
{"Key":"ping~Robins-MacBook-Pro.local:8011","Value":"1399121973462572341","Timestamp":1399121973462573405,"Replicated":false}
{"Key":"ping~Robins-MacBook-Pro.local:8011","Value":"1399121973462572341","Timestamp":1399121973463034081,"Replicated":true}
{"Key":"ping~indispenso-seed:8011","Value":"1399121978841782216","Timestamp":1399121978841784350,"Replicated":false}
{"Key":"ping~indispenso-seed:8011","Value":"1399121978841782216","Timestamp":1399121978847123997,"Replicated":true}
{"Key":"ping~Robins-MacBook-Pro.local:8011","Value":"1399121978848634857","Timestamp":1399121978848635722,"Replicated":false}
{"Key":"ping~Robins-MacBook-Pro.local:8011","Value":"1399121978848634857","Timestamp":1399121978849174886,"Replicated":true}
{"Key":"ping~Robins-MacBook-Pro.local:8013","Value":"1399121978849919173","Timestamp":1399121978850375424,"Replicated":true}
{"Key":"ping~Robins-MacBook-Pro.local:8013","Value":"1399121978849919173","Timestamp":1399121978850891786,"Replicated":true}
{"Key":"ping~indispenso-seed:8011","Value":"1399121983453826840","Timestamp":1399121983453829062,"Replicated":false}
{"Key":"ping~indispenso-seed:8011","Value":"1399121983453826840","Timestamp":1399121983459240049,"Replicated":true}
{"Key":"ping~Robins-MacBook-Pro.local:8013","Value":"1399121983460579082","Timestamp":1399121983460994265,"Replicated":true}
{"Key":"ping~Robins-MacBook-Pro.local:8013","Value":"1399121983460579082","Timestamp":1399121983461616941,"Replicated":true}
{"Key":"ping~Robins-MacBook-Pro.local:8011","Value":"1399121983461771848","Timestamp":1399121983461772969,"Replicated":false}
{"Key":"ping~Robins-MacBook-Pro.local:8011","Value":"1399121983461771848","Timestamp":1399121983462275563,"Replicated":true}
{"Key":"ping~indispenso-seed:8011","Value":"1399121988841903617","Timestamp":1399121988841906082,"Replicated":false}
{"Key":"ping~indispenso-seed:8011","Value":"1399121988841903617","Timestamp":1399121988847312744,"Replicated":true}
{"Key":"ping~Robins-MacBook-Pro.local:8011","Value":"1399121988848832187","Timestamp":1399121988848833659,"Replicated":false}
{"Key":"ping~Robins-MacBook-Pro.local:8011","Value":"1399121988848832187","Timestamp":1399121988849272341,"Replicated":true}
{"Key":"ping~Robins-MacBook-Pro.local:8013","Value":"1399121988850942762","Timestamp":1399121988851325216,"Replicated":true}
{"Key":"ping~Robins-MacBook-Pro.local:8013","Value":"1399121988850942762","Timestamp":1399121988851734079,"Replicated":true}
{"Key":"ping~indispenso-seed:8011","Value":"1399121993453723295","Timestamp":1399121993453725400,"Replicated":false}
{"Key":"ping~indispenso-seed:8011","Value":"1399121993453723295","Timestamp":1399121993459187936,"Replicated":true}
{"Key":"ping~Robins-MacBook-Pro.local:8013","Value":"1399121993460637494","Timestamp":1399121993461031388,"Replicated":true}
{"Key":"ping~Robins-MacBook-Pro.local:8013","Value":"1399121993460637494","Timestamp":1399121993461480376,"Replicated":true}
{"Key":"ping~Robins-MacBook-Pro.local:8011","Value":"1399121993461833564","Timestamp":1399121993461834808,"Replicated":false}
{"Key":"ping~Robins-MacBook-Pro.local:8011","Value":"1399121993461833564","Timestamp":1399121993462285695,"Replicated":true}
{"Key":"ping~indispenso-seed:8011","Value":"1399121998842096147","Timestamp":1399121998842098268,"Replicated":false}
{"Key":"ping~indispenso-seed:8011","Value":"1399121998842096147","Timestamp":1399121998842657291,"Replicated":true}
{"Key":"ping~Robins-MacBook-Pro.local:8011","Value":"1399121998843694115","Timestamp":1399121998843696180,"Replicated":false}
{"Key":"ping~Robins-MacBook-Pro.local:8011","Value":"1399121998843694115","Timestamp":1399121998844136379,"Replicated":true}
{"Key":"ping~Robins-MacBook-Pro.local:8013","Value":"1399121998844898871","Timestamp":1399121998845324881,"Replicated":true}
{"Key":"ping~Robins-MacBook-Pro.local:8013","Value":"1399121998844898871","Timestamp":1399121998845756148,"Replicated":true}
{"Key":"ping~indispenso-seed:8011","Value":"1399122003452901544","Timestamp":1399122003452903787,"Replicated":false}
{"Key":"ping~indispenso-seed:8011","Value":"1399122003452901544","Timestamp":1399122003458286415,"Replicated":true}
{"Key":"ping~Robins-MacBook-Pro.local:8013","Value":"1399122003459684064","Timestamp":1399122003460180646,"Replicated":true}
{"Key":"ping~Robins-MacBook-Pro.local:8013","Value":"1399122003459684064","Timestamp":1399122003460693485,"Replicated":true}
{"Key":"ping~Robins-MacBook-Pro.local:8011","Value":"1399122003461114653","Timestamp":1399122003461115912,"Replicated":false}
{"Key":"ping~Robins-MacBook-Pro.local:8011","Value":"1399122003461114653","Timestamp":1399122003461503215,"Replicated":true}
{"Key":"ping~indispenso-seed:8011","Value":"1399122008841998343","Timestamp":1399122008842001388,"Replicated":false}
{"Key":"ping~indispenso-seed:8011","Value":"1399122008841998343","Timestamp":1399122008847271916,"Replicated":true}
{"Key":"ping~Robins-MacBook-Pro.local:8011","Value":"1399122008848715864","Timestamp":1399122008848717302,"Replicated":false}
{"Key":"ping~Robins-MacBook-Pro.local:8011","Value":"1399122008848715864","Timestamp":1399122008849184629,"Replicated":true}
{"Key":"ping~Robins-MacBook-Pro.local:8013","Value":"1399122008849936200","Timestamp":1399122008850337343,"Replicated":true}
{"Key":"ping~Robins-MacBook-Pro.local:8013","Value":"1399122008849936200","Timestamp":1399122008850795104,"Replicated":true}
{"Key":"ping~indispenso-seed:8011","Value":"1399122013453678323","Timestamp":1399122013453680774,"Replicated":false}
{"Key":"ping~indispenso-seed:8011","Value":"1399122013453678323","Timestamp":1399122013459127971,"Replicated":true}
{"Key":"ping~Robins-MacBook-Pro.local:8013","Value":"1399122013460348401","Timestamp":1399122013460792460,"Replicated":true}
{"Key":"ping~Robins-MacBook-Pro.local:8013","Value":"1399122013460348401","Timestamp":1399122013461216779,"Replicated":true}
{"Key":"ping~Robins-MacBook-Pro.local:8011","Value":"1399122013461554541","Timestamp":1399122013461556060,"Replicated":false}
{"Key":"ping~Robins-MacBook-Pro.local:8011","Value":"1399122013461554541","Timestamp":1399122013462049707,"Replicated":true}
{"Key":"ping~indispenso-seed:8011","Value":"1399122018841398632","Timestamp":1399122018841401480,"Replicated":false}
{"Key":"ping~indispenso-seed:8011","Value":"1399122018841398632","Timestamp":1399122018846957608,"Replicated":true}
{"Key":"ping~Robins-MacBook-Pro.local:8011","Value":"1399122018848237352","Timestamp":1399122018848240074,"Replicated":false}
{"Key":"ping~Robins-MacBook-Pro.local:8011","Value":"1399122018848237352","Timestamp":1399122018848710897,"Replicated":true}
{"Key":"ping~Robins-MacBook-Pro.local:8013","Value":"1399122018849518410","Timestamp":1399122018850021140,"Replicated":true}
{"Key":"ping~Robins-MacBook-Pro.local:8013","Value":"1399122018849518410","Timestamp":1399122018850459909,"Replicated":true}
{"Key":"ping~indispenso-seed:8011","Value":"1399122023453020913","Timestamp":1399122023453022172,"Replicated":false}
{"Key":"ping~indispenso-seed:8011","Value":"1399122023453020913","Timestamp":1399122023458528545,"Replicated":true}
{"Key":"ping~Robins-MacBook-Pro.local:8013","Value":"1399122023459407152","Timestamp":1399122023459712233,"Replicated":true}
{"Key":"ping~Robins-MacBook-Pro.local:8013","Value":"1399122023459407152","Timestamp":1399122023460099806,"Replicated":true}
{"Key":"ping~Robins-MacBook-Pro.local:8011","Value":"1399122023460411543","Timestamp":1399122023460412506,"Replicated":false}
{"Key":"ping~Robins-MacBook-Pro.local:8011","Value":"1399122023460411543","Timestamp":1399122023460789720,"Replicated":true}
{"Key":"ping~indispenso-seed:8011","Value":"1399122028840890097","Timestamp":1399122028840892127,"Replicated":false}
{"Key":"ping~indispenso-seed:8011","Value":"1399122028840890097","Timestamp":1399122028846295214,"Replicated":true}
{"Key":"ping~Robins-MacBook-Pro.local:8011","Value":"1399122028847752026","Timestamp":1399122028847755093,"Replicated":false}
{"Key":"ping~Robins-MacBook-Pro.local:8011","Value":"1399122028847752026","Timestamp":1399122028848205098,"Replicated":true}
{"Key":"ping~Robins-MacBook-Pro.local:8013","Value":"1399122028849538105","Timestamp":1399122028850138129,"Replicated":true}
{"Key":"ping~Robins-MacBook-Pro.local:8013","Value":"1399122028849538105","Timestamp":1399122028850546761,"Replicated":true}
{"Key":"ping~indispenso-seed:8011","Value":"1399122033453654520","Timestamp":1399122033453656202,"Replicated":false}
{"Key":"ping~indispenso-seed:8011","Value":"1399122033453654520","Timestamp":1399122033459134672,"Replicated":true}
{"Key":"ping~Robins-MacBook-Pro.local:8013","Value":"1399122033460390106","Timestamp":1399122033460928924,"Replicated":true}
{"Key":"ping~Robins-MacBook-Pro.local:8013","Value":"1399122033460390106","Timestamp":1399122033461393616,"Replicated":true}
{"Key":"ping~Robins-MacBook-Pro.local:8011","Value":"1399122033461742569","Timestamp":1399122033461743909,"Replicated":false}
{"Key":"ping~Robins-MacBook-Pro.local:8011","Value":"1399122033461742569","Timestamp":1399122033462176404,"Replicated":true}
{"Key":"ping~indispenso-seed:8011","Value":"1399122038841336327","Timestamp":1399122038841338149,"Replicated":false}
{"Key":"ping~indispenso-seed:8011","Value":"1399122038841336327","Timestamp":1399122038846815013,"Replicated":true}
{"Key":"ping~Robins-MacBook-Pro.local:8011","Value":"1399122038848161048","Timestamp":1399122038848162885,"Replicated":false}
{"Key":"ping~Robins-MacBook-Pro.local:8011","Value":"1399122038848161048","Timestamp":1399122038848749708,"Replicated":true}
{"Key":"ping~Robins-MacBook-Pro.local:8013","Value":"1399122038849912181","Timestamp":1399122038850337437,"Replicated":true}
{"Key":"ping~Robins-MacBook-Pro.local:8013","Value":"1399122038849912181","Timestamp":1399122038850793648,"Replicated":true}
{"Key":"ping~indispenso-seed:8011","Value":"1399122043453079304","Timestamp":1399122043453080797,"Replicated":false}
{"Key":"ping~indispenso-seed:8011","Value":"1399122043453079304","Timestamp":1399122043458764394,"Replicated":true}
{"Key":"ping~Robins-MacBook-Pro.local:8013","Value":"1399122043460346217","Timestamp":1399122043460792424,"Replicated":true}
{"Key":"ping~Robins-MacBook-Pro.local:8013","Value":"1399122043460346217","Timestamp":1399122043461322092,"Replicated":true}
{"Key":"ping~Robins-MacBook-Pro.local:8011","Value":"1399122043461689163","Timestamp":1399122043461690658,"Replicated":false}
{"Key":"ping~Robins-MacBook-Pro.local:8011","Value":"1399122043461689163","Timestamp":1399122043462100998,"Replicated":true}
{"Key":"ping~indispenso-seed:8011","Value":"1399122048841552863","Timestamp":1399122048841554480,"Replicated":false}
{"Key":"ping~indispenso-seed:8011","Value":"1399122048841552863","Timestamp":1399122048847007704,"Replicated":true}
{"Key":"ping~Robins-MacBook-Pro.local:8011","Value":"1399122048848504203","Timestamp":1399122048848506328,"Replicated":false}
{"Key":"ping~Robins-MacBook-Pro.local:8011","Value":"1399122048848504203","Timestamp":1399122048848932797,"Replicated":true}
{"Key":"ping~Robins-MacBook-Pro.local:8013","Value":"1399122048849752737","Timestamp":1399122048850178930,"Replicated":true}
{"Key":"ping~Robins-MacBook-Pro.local:8013","Value":"1399122048849752737","Timestamp":1399122048850666168,"Replicated":true}
{"Key":"ping~indispenso-seed:8011","Value":"1399122053452960816","Timestamp":1399122053452962906,"Replicated":false}
{"Key":"ping~indispenso-seed:8011","Value":"1399122053452960816","Timestamp":1399122053453435858,"Replicated":true}
{"Key":"ping~Robins-MacBook-Pro.local:8013","Value":"1399122053454381675","Timestamp":1399122053454803865,"Replicated":true}
{"Key":"ping~Robins-MacBook-Pro.local:8013","Value":"1399122053454381675","Timestamp":1399122053455381351,"Replicated":true}
{"Key":"ping~Robins-MacBook-Pro.local:8011","Value":"1399122053455515229","Timestamp":1399122053455516181,"Replicated":false}
{"Key":"ping~Robins-MacBook-Pro.local:8011","Value":"1399122053455515229","Timestamp":1399122053456051281,"Replicated":true}
